# JRE version: Java(TM) SE Runtime Environment (8.0_91-b14) (build 1.8.0_91-b14)
# Java VM: Java HotSpot(TM) 64-Bit Server VM (25.91-b14 mixed mode linux-amd64 compressed oops)
Heap:
 PSYoungGen      total 17408K, used 205K [0x00000000ecf00000, 0x00000000ee200000, 0x0000000100000000)
  eden space 15360K, 1% used [0x00000000ecf00000,0x00000000ecf334f0,0x00000000ede00000)
  from space 2048K, 0% used [0x00000000ee000000,0x00000000ee000000,0x00000000ee200000)
  to   space 2048K, 0% used [0x00000000ede00000,0x00000000ede00000,0x00000000ee000000)
 ParOldGen       total 39936K, used 1383K [0x00000000c6c00000, 0x00000000c9300000, 0x00000000ecf00000)
  object space 39936K, 3% used [0x00000000c6c00000,0x00000000c6d59d08,0x00000000c9300000)
 Metaspace       used 9031K, capacity 9136K, committed 9216K, reserved 1056768K
  class space    used 933K, capacity 975K, committed 1024K, reserved 1048576K
GC Heap History (8 events):
Event: 2,231 GC heap before
{Heap before GC invocations=1 (full 0):
 PSYoungGen      total 17408K, used 13811K [0x00000000ecf00000, 0x00000000ee200000, 0x0000000100000000)
  eden space 15360K, 89% used [0x00000000ecf00000,0x00000000edc7cdb0,0x00000000ede00000)
  from space 2048K, 0% used [0x00000000ee000000,0x00000000ee000000,0x00000000ee200000)
  to   space 2048K, 0% used [0x00000000ede00000,0x00000000ede00000,0x00000000ee000000)
 ParOldGen       total 39936K, used 0K [0x00000000c6c00000, 0x00000000c9300000, 0x00000000ecf00000)
  object space 39936K, 0% used [0x00000000c6c00000,0x00000000c6c00000,0x00000000c9300000)
 Metaspace       used 8847K, capacity 8944K, committed 9216K, reserved 1056768K
  class space    used 918K, capacity 975K, committed 1024K, reserved 1048576K
Event: 2,236 GC heap after
Heap after GC invocations=1 (full 0):
 PSYoungGen      total 17408K, used 2021K [0x00000000ecf00000, 0x00000000ee200000, 0x0000000100000000)
  eden space 15360K, 0% used [0x00000000ecf00000,0x00000000ecf00000,0x00000000ede00000)
  from space 2048K, 98% used [0x00000000ede00000,0x00000000edff9698,0x00000000ee000000)
  to   space 2048K, 0% used [0x00000000ee000000,0x00000000ee000000,0x00000000ee200000)
 ParOldGen       total 39936K, used 1048K [0x00000000c6c00000, 0x00000000c9300000, 0x00000000ecf00000)
  object space 39936K, 2% used [0x00000000c6c00000,0x00000000c6d06148,0x00000000c9300000)
 Metaspace       used 8847K, capacity 8944K, committed 9216K, reserved 1056768K
  class space    used 918K, capacity 975K, committed 1024K, reserved 1048576K
}
Event: 2,236 GC heap before
{Heap before GC invocations=2 (full 1):
 PSYoungGen      total 17408K, used 2021K [0x00000000ecf00000, 0x00000000ee200000, 0x0000000100000000)
  eden space 15360K, 0% used [0x00000000ecf00000,0x00000000ecf00000,0x00000000ede00000)
  from space 2048K, 98% used [0x00000000ede00000,0x00000000edff9698,0x00000000ee000000)
  to   space 2048K, 0% used [0x00000000ee000000,0x00000000ee000000,0x00000000ee200000)
 ParOldGen       total 39936K, used 1048K [0x00000000c6c00000, 0x00000000c9300000, 0x00000000ecf00000)
  object space 39936K, 2% used [0x00000000c6c00000,0x00000000c6d06148,0x00000000c9300000)
 Metaspace       used 8847K, capacity 8944K, committed 9216K, reserved 1056768K
  class space    used 918K, capacity 975K, committed 1024K, reserved 1048576K
Event: 2,262 GC heap after
Heap after GC invocations=2 (full 1):
 PSYoungGen      total 17408K, used 0K [0x00000000ecf00000, 0x00000000ee200000, 0x0000000100000000)
  eden space 15360K, 0% used [0x00000000ecf00000,0x00000000ecf00000,0x00000000ede00000)
  from space 2048K, 0% used [0x00000000ede00000,0x00000000ede00000,0x00000000ee000000)
  to   space 2048K, 0% used [0x00000000ee000000,0x00000000ee000000,0x00000000ee200000)
 ParOldGen       total 39936K, used 2940K [0x00000000c6c00000, 0x00000000c9300000, 0x00000000ecf00000)
  object space 39936K, 7% used [0x00000000c6c00000,0x00000000c6edf050,0x00000000c9300000)
 Metaspace       used 8847K, capacity 8944K, committed 9216K, reserved 1056768K
  class space    used 918K, capacity 975K, committed 1024K, reserved 1048576K
}
Event: 2,274 GC heap before
{Heap before GC invocations=3 (full 1):
 PSYoungGen      total 17408K, used 1069K [0x00000000ecf00000, 0x00000000ee200000, 0x0000000100000000)
  eden space 15360K, 6% used [0x00000000ecf00000,0x00000000ed00b6a0,0x00000000ede00000)
  from space 2048K, 0% used [0x00000000ede00000,0x00000000ede00000,0x00000000ee000000)
  to   space 2048K, 0% used [0x00000000ee000000,0x00000000ee000000,0x00000000ee200000)
 ParOldGen       total 39936K, used 2940K [0x00000000c6c00000, 0x00000000c9300000, 0x00000000ecf00000)
  object space 39936K, 7% used [0x00000000c6c00000,0x00000000c6edf050,0x00000000c9300000)
 Metaspace       used 9001K, capacity 9136K, committed 9216K, reserved 1056768K
  class space    used 930K, capacity 975K, committed 1024K, reserved 1048576K
Event: 2,283 GC heap after
Heap after GC invocations=3 (full 1):
 PSYoungGen      total 17408K, used 192K [0x00000000ecf00000, 0x00000000ee200000, 0x0000000100000000)
  eden space 15360K, 0% used [0x00000000ecf00000,0x00000000ecf00000,0x00000000ede00000)
  from space 2048K, 9% used [0x00000000ee000000,0x00000000ee030000,0x00000000ee200000)
  to   space 2048K, 0% used [0x00000000ede00000,0x00000000ede00000,0x00000000ee000000)
 ParOldGen       total 39936K, used 2940K [0x00000000c6c00000, 0x00000000c9300000, 0x00000000ecf00000)
  object space 39936K, 7% used [0x00000000c6c00000,0x00000000c6edf050,0x00000000c9300000)
 Metaspace       used 9001K, capacity 9136K, committed 9216K, reserved 1056768K
  class space    used 930K, capacity 975K, committed 1024K, reserved 1048576K
}
Event: 2,283 GC heap before
{Heap before GC invocations=4 (full 2):
 PSYoungGen      total 17408K, used 192K [0x00000000ecf00000, 0x00000000ee200000, 0x0000000100000000)
  eden space 15360K, 0% used [0x00000000ecf00000,0x00000000ecf00000,0x00000000ede00000)
  from space 2048K, 9% used [0x00000000ee000000,0x00000000ee030000,0x00000000ee200000)
  to   space 2048K, 0% used [0x00000000ede00000,0x00000000ede00000,0x00000000ee000000)
 ParOldGen       total 39936K, used 2940K [0x00000000c6c00000, 0x00000000c9300000, 0x00000000ecf00000)
  object space 39936K, 7% used [0x00000000c6c00000,0x00000000c6edf050,0x00000000c9300000)
 Metaspace       used 9001K, capacity 9136K, committed 9216K, reserved 1056768K
  class space    used 930K, capacity 975K, committed 1024K, reserved 1048576K
Event: 2,293 GC heap after
Heap after GC invocations=4 (full 2):
 PSYoungGen      total 17408K, used 0K [0x00000000ecf00000, 0x00000000ee200000, 0x0000000100000000)
  eden space 15360K, 0% used [0x00000000ecf00000,0x00000000ecf00000,0x00000000ede00000)
  from space 2048K, 0% used [0x00000000ee000000,0x00000000ee000000,0x00000000ee200000)
  to   space 2048K, 0% used [0x00000000ede00000,0x00000000ede00000,0x00000000ee000000)
 ParOldGen       total 39936K, used 1383K [0x00000000c6c00000, 0x00000000c9300000, 0x00000000ecf00000)
  object space 39936K, 3% used [0x00000000c6c00000,0x00000000c6d59d08,0x00000000c9300000)
 Metaspace       used 9001K, capacity 9136K, committed 9216K, reserved 1056768K
  class space    used 930K, capacity 975K, committed 1024K, reserved 1048576K
}

