# JRE version: Java(TM) SE Runtime Environment (8.0_91-b14) (build 1.8.0_91-b14)
# Java VM: Java HotSpot(TM) 64-Bit Server VM (25.91-b14 mixed mode linux-amd64 compressed oops)
Heap:
 PSYoungGen      total 17408K, used 512K [0x00000000ecf00000, 0x00000000ee200000, 0x0000000100000000)
  eden space 15360K, 3% used [0x00000000ecf00000,0x00000000ecf801d0,0x00000000ede00000)
  from space 2048K, 0% used [0x00000000ee000000,0x00000000ee000000,0x00000000ee200000)
  to   space 2048K, 0% used [0x00000000ede00000,0x00000000ede00000,0x00000000ee000000)
 ParOldGen       total 39936K, used 1383K [0x00000000c6c00000, 0x00000000c9300000, 0x00000000ecf00000)
  object space 39936K, 3% used [0x00000000c6c00000,0x00000000c6d59f00,0x00000000c9300000)
 Metaspace       used 9043K, capacity 9136K, committed 9216K, reserved 1056768K
  class space    used 935K, capacity 975K, committed 1024K, reserved 1048576K
GC Heap History (8 events):
Event: 28,788 GC heap before
{Heap before GC invocations=1 (full 0):
 PSYoungGen      total 17408K, used 13850K [0x00000000ecf00000, 0x00000000ee200000, 0x0000000100000000)
  eden space 15360K, 90% used [0x00000000ecf00000,0x00000000edc869b8,0x00000000ede00000)
  from space 2048K, 0% used [0x00000000ee000000,0x00000000ee000000,0x00000000ee200000)
  to   space 2048K, 0% used [0x00000000ede00000,0x00000000ede00000,0x00000000ee000000)
 ParOldGen       total 39936K, used 0K [0x00000000c6c00000, 0x00000000c9300000, 0x00000000ecf00000)
  object space 39936K, 0% used [0x00000000c6c00000,0x00000000c6c00000,0x00000000c9300000)
 Metaspace       used 8839K, capacity 8944K, committed 9216K, reserved 1056768K
  class space    used 918K, capacity 975K, committed 1024K, reserved 1048576K
Event: 28,796 GC heap after
Heap after GC invocations=1 (full 0):
 PSYoungGen      total 17408K, used 2032K [0x00000000ecf00000, 0x00000000ee200000, 0x0000000100000000)
  eden space 15360K, 0% used [0x00000000ecf00000,0x00000000ecf00000,0x00000000ede00000)
  from space 2048K, 99% used [0x00000000ede00000,0x00000000edffc2c8,0x00000000ee000000)
  to   space 2048K, 0% used [0x00000000ee000000,0x00000000ee000000,0x00000000ee200000)
 ParOldGen       total 39936K, used 1031K [0x00000000c6c00000, 0x00000000c9300000, 0x00000000ecf00000)
  object space 39936K, 2% used [0x00000000c6c00000,0x00000000c6d01e28,0x00000000c9300000)
 Metaspace       used 8839K, capacity 8944K, committed 9216K, reserved 1056768K
  class space    used 918K, capacity 975K, committed 1024K, reserved 1048576K
}
Event: 28,796 GC heap before
{Heap before GC invocations=2 (full 1):
 PSYoungGen      total 17408K, used 2032K [0x00000000ecf00000, 0x00000000ee200000, 0x0000000100000000)
  eden space 15360K, 0% used [0x00000000ecf00000,0x00000000ecf00000,0x00000000ede00000)
  from space 2048K, 99% used [0x00000000ede00000,0x00000000edffc2c8,0x00000000ee000000)
  to   space 2048K, 0% used [0x00000000ee000000,0x00000000ee000000,0x00000000ee200000)
 ParOldGen       total 39936K, used 1031K [0x00000000c6c00000, 0x00000000c9300000, 0x00000000ecf00000)
  object space 39936K, 2% used [0x00000000c6c00000,0x00000000c6d01e28,0x00000000c9300000)
 Metaspace       used 8839K, capacity 8944K, committed 9216K, reserved 1056768K
  class space    used 918K, capacity 975K, committed 1024K, reserved 1048576K
Event: 28,820 GC heap after
Heap after GC invocations=2 (full 1):
 PSYoungGen      total 17408K, used 0K [0x00000000ecf00000, 0x00000000ee200000, 0x0000000100000000)
  eden space 15360K, 0% used [0x00000000ecf00000,0x00000000ecf00000,0x00000000ede00000)
  from space 2048K, 0% used [0x00000000ede00000,0x00000000ede00000,0x00000000ee000000)
  to   space 2048K, 0% used [0x00000000ee000000,0x00000000ee000000,0x00000000ee200000)
 ParOldGen       total 39936K, used 2940K [0x00000000c6c00000, 0x00000000c9300000, 0x00000000ecf00000)
  object space 39936K, 7% used [0x00000000c6c00000,0x00000000c6edf248,0x00000000c9300000)
 Metaspace       used 8839K, capacity 8944K, committed 9216K, reserved 1056768K
  class space    used 918K, capacity 975K, committed 1024K, reserved 1048576K
}
Event: 28,836 GC heap before
{Heap before GC invocations=3 (full 1):
 PSYoungGen      total 17408K, used 967K [0x00000000ecf00000, 0x00000000ee200000, 0x0000000100000000)
  eden space 15360K, 6% used [0x00000000ecf00000,0x00000000ecff1d10,0x00000000ede00000)
  from space 2048K, 0% used [0x00000000ede00000,0x00000000ede00000,0x00000000ee000000)
  to   space 2048K, 0% used [0x00000000ee000000,0x00000000ee000000,0x00000000ee200000)
 ParOldGen       total 39936K, used 2940K [0x00000000c6c00000, 0x00000000c9300000, 0x00000000ecf00000)
  object space 39936K, 7% used [0x00000000c6c00000,0x00000000c6edf248,0x00000000c9300000)
 Metaspace       used 8997K, capacity 9136K, committed 9216K, reserved 1056768K
  class space    used 930K, capacity 975K, committed 1024K, reserved 1048576K
Event: 28,838 GC heap after
Heap after GC invocations=3 (full 1):
 PSYoungGen      total 17408K, used 214K [0x00000000ecf00000, 0x00000000ee200000, 0x0000000100000000)
  eden space 15360K, 0% used [0x00000000ecf00000,0x00000000ecf00000,0x00000000ede00000)
  from space 2048K, 10% used [0x00000000ee000000,0x00000000ee035810,0x00000000ee200000)
  to   space 2048K, 0% used [0x00000000ede00000,0x00000000ede00000,0x00000000ee000000)
 ParOldGen       total 39936K, used 2940K [0x00000000c6c00000, 0x00000000c9300000, 0x00000000ecf00000)
  object space 39936K, 7% used [0x00000000c6c00000,0x00000000c6edf248,0x00000000c9300000)
 Metaspace       used 8997K, capacity 9136K, committed 9216K, reserved 1056768K
  class space    used 930K, capacity 975K, committed 1024K, reserved 1048576K
}
Event: 28,838 GC heap before
{Heap before GC invocations=4 (full 2):
 PSYoungGen      total 17408K, used 214K [0x00000000ecf00000, 0x00000000ee200000, 0x0000000100000000)
  eden space 15360K, 0% used [0x00000000ecf00000,0x00000000ecf00000,0x00000000ede00000)
  from space 2048K, 10% used [0x00000000ee000000,0x00000000ee035810,0x00000000ee200000)
  to   space 2048K, 0% used [0x00000000ede00000,0x00000000ede00000,0x00000000ee000000)
 ParOldGen       total 39936K, used 2940K [0x00000000c6c00000, 0x00000000c9300000, 0x00000000ecf00000)
  object space 39936K, 7% used [0x00000000c6c00000,0x00000000c6edf248,0x00000000c9300000)
 Metaspace       used 8997K, capacity 9136K, committed 9216K, reserved 1056768K
  class space    used 930K, capacity 975K, committed 1024K, reserved 1048576K
Event: 28,850 GC heap after
Heap after GC invocations=4 (full 2):
 PSYoungGen      total 17408K, used 0K [0x00000000ecf00000, 0x00000000ee200000, 0x0000000100000000)
  eden space 15360K, 0% used [0x00000000ecf00000,0x00000000ecf00000,0x00000000ede00000)
  from space 2048K, 0% used [0x00000000ee000000,0x00000000ee000000,0x00000000ee200000)
  to   space 2048K, 0% used [0x00000000ede00000,0x00000000ede00000,0x00000000ee000000)
 ParOldGen       total 39936K, used 1383K [0x00000000c6c00000, 0x00000000c9300000, 0x00000000ecf00000)
  object space 39936K, 3% used [0x00000000c6c00000,0x00000000c6d59f00,0x00000000c9300000)
 Metaspace       used 8997K, capacity 9136K, committed 9216K, reserved 1056768K
  class space    used 930K, capacity 975K, committed 1024K, reserved 1048576K
}

