# JRE version: Java(TM) SE Runtime Environment (8.0_91-b14) (build 1.8.0_91-b14)
# Java VM: Java HotSpot(TM) 64-Bit Server VM (25.91-b14 mixed mode linux-amd64 compressed oops)
Heap:
 PSYoungGen      total 17408K, used 410K [0x00000000ecf00000, 0x00000000ee200000, 0x0000000100000000)
  eden space 15360K, 2% used [0x00000000ecf00000,0x00000000ecf66830,0x00000000ede00000)
  from space 2048K, 0% used [0x00000000ede00000,0x00000000ede00000,0x00000000ee000000)
  to   space 2048K, 0% used [0x00000000ee000000,0x00000000ee000000,0x00000000ee200000)
 ParOldGen       total 39936K, used 1456K [0x00000000c6c00000, 0x00000000c9300000, 0x00000000ecf00000)
  object space 39936K, 3% used [0x00000000c6c00000,0x00000000c6d6c2f0,0x00000000c9300000)
 Metaspace       used 9553K, capacity 9680K, committed 9728K, reserved 1058816K
  class space    used 963K, capacity 1007K, committed 1024K, reserved 1048576K
GC Heap History (10 events):
Event: 0,940 GC heap before
{Heap before GC invocations=1 (full 0):
 PSYoungGen      total 17408K, used 15360K [0x00000000ecf00000, 0x00000000ee200000, 0x0000000100000000)
  eden space 15360K, 100% used [0x00000000ecf00000,0x00000000ede00000,0x00000000ede00000)
  from space 2048K, 0% used [0x00000000ee000000,0x00000000ee000000,0x00000000ee200000)
  to   space 2048K, 0% used [0x00000000ede00000,0x00000000ede00000,0x00000000ee000000)
 ParOldGen       total 39936K, used 0K [0x00000000c6c00000, 0x00000000c9300000, 0x00000000ecf00000)
  object space 39936K, 0% used [0x00000000c6c00000,0x00000000c6c00000,0x00000000c9300000)
 Metaspace       used 9308K, capacity 9456K, committed 9728K, reserved 1058816K
  class space    used 942K, capacity 975K, committed 1024K, reserved 1048576K
Event: 0,948 GC heap after
Heap after GC invocations=1 (full 0):
 PSYoungGen      total 17408K, used 2030K [0x00000000ecf00000, 0x00000000ee200000, 0x0000000100000000)
  eden space 15360K, 0% used [0x00000000ecf00000,0x00000000ecf00000,0x00000000ede00000)
  from space 2048K, 99% used [0x00000000ede00000,0x00000000edffb8f8,0x00000000ee000000)
  to   space 2048K, 0% used [0x00000000ee000000,0x00000000ee000000,0x00000000ee200000)
 ParOldGen       total 39936K, used 1429K [0x00000000c6c00000, 0x00000000c9300000, 0x00000000ecf00000)
  object space 39936K, 3% used [0x00000000c6c00000,0x00000000c6d65660,0x00000000c9300000)
 Metaspace       used 9308K, capacity 9456K, committed 9728K, reserved 1058816K
  class space    used 942K, capacity 975K, committed 1024K, reserved 1048576K
}
Event: 11,132 GC heap before
{Heap before GC invocations=2 (full 0):
 PSYoungGen      total 17408K, used 3092K [0x00000000ecf00000, 0x00000000ee200000, 0x0000000100000000)
  eden space 15360K, 6% used [0x00000000ecf00000,0x00000000ed009a28,0x00000000ede00000)
  from space 2048K, 99% used [0x00000000ede00000,0x00000000edffb8f8,0x00000000ee000000)
  to   space 2048K, 0% used [0x00000000ee000000,0x00000000ee000000,0x00000000ee200000)
 ParOldGen       total 39936K, used 1429K [0x00000000c6c00000, 0x00000000c9300000, 0x00000000ecf00000)
  object space 39936K, 3% used [0x00000000c6c00000,0x00000000c6d65660,0x00000000c9300000)
 Metaspace       used 9341K, capacity 9456K, committed 9728K, reserved 1058816K
  class space    used 944K, capacity 975K, committed 1024K, reserved 1048576K
Event: 11,141 GC heap after
Heap after GC invocations=2 (full 0):
 PSYoungGen      total 17408K, used 1458K [0x00000000ecf00000, 0x00000000ee200000, 0x0000000100000000)
  eden space 15360K, 0% used [0x00000000ecf00000,0x00000000ecf00000,0x00000000ede00000)
  from space 2048K, 71% used [0x00000000ee000000,0x00000000ee16c830,0x00000000ee200000)
  to   space 2048K, 0% used [0x00000000ede00000,0x00000000ede00000,0x00000000ee000000)
 ParOldGen       total 39936K, used 1437K [0x00000000c6c00000, 0x00000000c9300000, 0x00000000ecf00000)
  object space 39936K, 3% used [0x00000000c6c00000,0x00000000c6d67660,0x00000000c9300000)
 Metaspace       used 9341K, capacity 9456K, committed 9728K, reserved 1058816K
  class space    used 944K, capacity 975K, committed 1024K, reserved 1048576K
}
Event: 11,141 GC heap before
{Heap before GC invocations=3 (full 1):
 PSYoungGen      total 17408K, used 1458K [0x00000000ecf00000, 0x00000000ee200000, 0x0000000100000000)
  eden space 15360K, 0% used [0x00000000ecf00000,0x00000000ecf00000,0x00000000ede00000)
  from space 2048K, 71% used [0x00000000ee000000,0x00000000ee16c830,0x00000000ee200000)
  to   space 2048K, 0% used [0x00000000ede00000,0x00000000ede00000,0x00000000ee000000)
 ParOldGen       total 39936K, used 1437K [0x00000000c6c00000, 0x00000000c9300000, 0x00000000ecf00000)
  object space 39936K, 3% used [0x00000000c6c00000,0x00000000c6d67660,0x00000000c9300000)
 Metaspace       used 9341K, capacity 9456K, committed 9728K, reserved 1058816K
  class space    used 944K, capacity 975K, committed 1024K, reserved 1048576K
Event: 11,162 GC heap after
Heap after GC invocations=3 (full 1):
 PSYoungGen      total 17408K, used 0K [0x00000000ecf00000, 0x00000000ee200000, 0x0000000100000000)
  eden space 15360K, 0% used [0x00000000ecf00000,0x00000000ecf00000,0x00000000ede00000)
  from space 2048K, 0% used [0x00000000ee000000,0x00000000ee000000,0x00000000ee200000)
  to   space 2048K, 0% used [0x00000000ede00000,0x00000000ede00000,0x00000000ee000000)
 ParOldGen       total 39936K, used 1418K [0x00000000c6c00000, 0x00000000c9300000, 0x00000000ecf00000)
  object space 39936K, 3% used [0x00000000c6c00000,0x00000000c6d62ae0,0x00000000c9300000)
 Metaspace       used 9341K, capacity 9456K, committed 9728K, reserved 1058816K
  class space    used 944K, capacity 975K, committed 1024K, reserved 1048576K
}
Event: 11,173 GC heap before
{Heap before GC invocations=4 (full 1):
 PSYoungGen      total 17408K, used 974K [0x00000000ecf00000, 0x00000000ee200000, 0x0000000100000000)
  eden space 15360K, 6% used [0x00000000ecf00000,0x00000000ecff3ad8,0x00000000ede00000)
  from space 2048K, 0% used [0x00000000ee000000,0x00000000ee000000,0x00000000ee200000)
  to   space 2048K, 0% used [0x00000000ede00000,0x00000000ede00000,0x00000000ee000000)
 ParOldGen       total 39936K, used 1418K [0x00000000c6c00000, 0x00000000c9300000, 0x00000000ecf00000)
  object space 39936K, 3% used [0x00000000c6c00000,0x00000000c6d62ae0,0x00000000c9300000)
 Metaspace       used 9490K, capacity 9616K, committed 9728K, reserved 1058816K
  class space    used 956K, capacity 1007K, committed 1024K, reserved 1048576K
Event: 11,173 GC heap after
Heap after GC invocations=4 (full 1):
 PSYoungGen      total 17408K, used 214K [0x00000000ecf00000, 0x00000000ee200000, 0x0000000100000000)
  eden space 15360K, 0% used [0x00000000ecf00000,0x00000000ecf00000,0x00000000ede00000)
  from space 2048K, 10% used [0x00000000ede00000,0x00000000ede35810,0x00000000ee000000)
  to   space 2048K, 0% used [0x00000000ee000000,0x00000000ee000000,0x00000000ee200000)
 ParOldGen       total 39936K, used 1418K [0x00000000c6c00000, 0x00000000c9300000, 0x00000000ecf00000)
  object space 39936K, 3% used [0x00000000c6c00000,0x00000000c6d62ae0,0x00000000c9300000)
 Metaspace       used 9490K, capacity 9616K, committed 9728K, reserved 1058816K
  class space    used 956K, capacity 1007K, committed 1024K, reserved 1048576K
}
Event: 11,174 GC heap before
{Heap before GC invocations=5 (full 2):
 PSYoungGen      total 17408K, used 214K [0x00000000ecf00000, 0x00000000ee200000, 0x0000000100000000)
  eden space 15360K, 0% used [0x00000000ecf00000,0x00000000ecf00000,0x00000000ede00000)
  from space 2048K, 10% used [0x00000000ede00000,0x00000000ede35810,0x00000000ee000000)
  to   space 2048K, 0% used [0x00000000ee000000,0x00000000ee000000,0x00000000ee200000)
 ParOldGen       total 39936K, used 1418K [0x00000000c6c00000, 0x00000000c9300000, 0x00000000ecf00000)
  object space 39936K, 3% used [0x00000000c6c00000,0x00000000c6d62ae0,0x00000000c9300000)
 Metaspace       used 9490K, capacity 9616K, committed 9728K, reserved 1058816K
  class space    used 956K, capacity 1007K, committed 1024K, reserved 1048576K
Event: 11,188 GC heap after
Heap after GC invocations=5 (full 2):
 PSYoungGen      total 17408K, used 0K [0x00000000ecf00000, 0x00000000ee200000, 0x0000000100000000)
  eden space 15360K, 0% used [0x00000000ecf00000,0x00000000ecf00000,0x00000000ede00000)
  from space 2048K, 0% used [0x00000000ede00000,0x00000000ede00000,0x00000000ee000000)
  to   space 2048K, 0% used [0x00000000ee000000,0x00000000ee000000,0x00000000ee200000)
 ParOldGen       total 39936K, used 1456K [0x00000000c6c00000, 0x00000000c9300000, 0x00000000ecf00000)
  object space 39936K, 3% used [0x00000000c6c00000,0x00000000c6d6c2f0,0x00000000c9300000)
 Metaspace       used 9490K, capacity 9616K, committed 9728K, reserved 1058816K
  class space    used 956K, capacity 1007K, committed 1024K, reserved 1048576K
}

