# JRE version: Java(TM) SE Runtime Environment (8.0_91-b14) (build 1.8.0_91-b14)
# Java VM: Java HotSpot(TM) 64-Bit Server VM (25.91-b14 mixed mode linux-amd64 compressed oops)
Heap:
 PSYoungGen      total 17408K, used 512K [0x00000000ecf00000, 0x00000000ee200000, 0x0000000100000000)
  eden space 15360K, 3% used [0x00000000ecf00000,0x00000000ecf801d0,0x00000000ede00000)
  from space 2048K, 0% used [0x00000000ee000000,0x00000000ee000000,0x00000000ee200000)
  to   space 2048K, 0% used [0x00000000ede00000,0x00000000ede00000,0x00000000ee000000)
 ParOldGen       total 39936K, used 1126K [0x00000000c6c00000, 0x00000000c9300000, 0x00000000ecf00000)
  object space 39936K, 2% used [0x00000000c6c00000,0x00000000c6d19990,0x00000000c9300000)
 Metaspace       used 7363K, capacity 7434K, committed 7552K, reserved 1056768K
  class space    used 786K, capacity 814K, committed 896K, reserved 1048576K
GC Heap History (8 events):
Event: 6,680 GC heap before
{Heap before GC invocations=1 (full 0):
 PSYoungGen      total 17408K, used 10666K [0x00000000ecf00000, 0x00000000ee200000, 0x0000000100000000)
  eden space 15360K, 69% used [0x00000000ecf00000,0x00000000ed96a850,0x00000000ede00000)
  from space 2048K, 0% used [0x00000000ee000000,0x00000000ee000000,0x00000000ee200000)
  to   space 2048K, 0% used [0x00000000ede00000,0x00000000ede00000,0x00000000ee000000)
 ParOldGen       total 39936K, used 0K [0x00000000c6c00000, 0x00000000c9300000, 0x00000000ecf00000)
  object space 39936K, 0% used [0x00000000c6c00000,0x00000000c6c00000,0x00000000c9300000)
 Metaspace       used 7205K, capacity 7274K, committed 7552K, reserved 1056768K
  class space    used 774K, capacity 782K, committed 896K, reserved 1048576K
Event: 6,690 GC heap after
Heap after GC invocations=1 (full 0):
 PSYoungGen      total 17408K, used 2035K [0x00000000ecf00000, 0x00000000ee200000, 0x0000000100000000)
  eden space 15360K, 0% used [0x00000000ecf00000,0x00000000ecf00000,0x00000000ede00000)
  from space 2048K, 99% used [0x00000000ede00000,0x00000000edffcf98,0x00000000ee000000)
  to   space 2048K, 0% used [0x00000000ee000000,0x00000000ee000000,0x00000000ee200000)
 ParOldGen       total 39936K, used 1060K [0x00000000c6c00000, 0x00000000c9300000, 0x00000000ecf00000)
  object space 39936K, 2% used [0x00000000c6c00000,0x00000000c6d09028,0x00000000c9300000)
 Metaspace       used 7205K, capacity 7274K, committed 7552K, reserved 1056768K
  class space    used 774K, capacity 782K, committed 896K, reserved 1048576K
}
Event: 6,690 GC heap before
{Heap before GC invocations=2 (full 1):
 PSYoungGen      total 17408K, used 2035K [0x00000000ecf00000, 0x00000000ee200000, 0x0000000100000000)
  eden space 15360K, 0% used [0x00000000ecf00000,0x00000000ecf00000,0x00000000ede00000)
  from space 2048K, 99% used [0x00000000ede00000,0x00000000edffcf98,0x00000000ee000000)
  to   space 2048K, 0% used [0x00000000ee000000,0x00000000ee000000,0x00000000ee200000)
 ParOldGen       total 39936K, used 1060K [0x00000000c6c00000, 0x00000000c9300000, 0x00000000ecf00000)
  object space 39936K, 2% used [0x00000000c6c00000,0x00000000c6d09028,0x00000000c9300000)
 Metaspace       used 7205K, capacity 7274K, committed 7552K, reserved 1056768K
  class space    used 774K, capacity 782K, committed 896K, reserved 1048576K
Event: 6,707 GC heap after
Heap after GC invocations=2 (full 1):
 PSYoungGen      total 17408K, used 0K [0x00000000ecf00000, 0x00000000ee200000, 0x0000000100000000)
  eden space 15360K, 0% used [0x00000000ecf00000,0x00000000ecf00000,0x00000000ede00000)
  from space 2048K, 0% used [0x00000000ede00000,0x00000000ede00000,0x00000000ee000000)
  to   space 2048K, 0% used [0x00000000ee000000,0x00000000ee000000,0x00000000ee200000)
 ParOldGen       total 39936K, used 2921K [0x00000000c6c00000, 0x00000000c9300000, 0x00000000ecf00000)
  object space 39936K, 7% used [0x00000000c6c00000,0x00000000c6eda700,0x00000000c9300000)
 Metaspace       used 7205K, capacity 7274K, committed 7552K, reserved 1056768K
  class space    used 774K, capacity 782K, committed 896K, reserved 1048576K
}
Event: 6,746 GC heap before
{Heap before GC invocations=3 (full 1):
 PSYoungGen      total 17408K, used 1116K [0x00000000ecf00000, 0x00000000ee200000, 0x0000000100000000)
  eden space 15360K, 7% used [0x00000000ecf00000,0x00000000ed017310,0x00000000ede00000)
  from space 2048K, 0% used [0x00000000ede00000,0x00000000ede00000,0x00000000ee000000)
  to   space 2048K, 0% used [0x00000000ee000000,0x00000000ee000000,0x00000000ee200000)
 ParOldGen       total 39936K, used 2921K [0x00000000c6c00000, 0x00000000c9300000, 0x00000000ecf00000)
  object space 39936K, 7% used [0x00000000c6c00000,0x00000000c6eda700,0x00000000c9300000)
 Metaspace       used 7362K, capacity 7434K, committed 7552K, reserved 1056768K
  class space    used 786K, capacity 814K, committed 896K, reserved 1048576K
Event: 6,747 GC heap after
Heap after GC invocations=3 (full 1):
 PSYoungGen      total 17408K, used 182K [0x00000000ecf00000, 0x00000000ee200000, 0x0000000100000000)
  eden space 15360K, 0% used [0x00000000ecf00000,0x00000000ecf00000,0x00000000ede00000)
  from space 2048K, 8% used [0x00000000ee000000,0x00000000ee02d810,0x00000000ee200000)
  to   space 2048K, 0% used [0x00000000ede00000,0x00000000ede00000,0x00000000ee000000)
 ParOldGen       total 39936K, used 2929K [0x00000000c6c00000, 0x00000000c9300000, 0x00000000ecf00000)
  object space 39936K, 7% used [0x00000000c6c00000,0x00000000c6edc700,0x00000000c9300000)
 Metaspace       used 7362K, capacity 7434K, committed 7552K, reserved 1056768K
  class space    used 786K, capacity 814K, committed 896K, reserved 1048576K
}
Event: 6,747 GC heap before
{Heap before GC invocations=4 (full 2):
 PSYoungGen      total 17408K, used 182K [0x00000000ecf00000, 0x00000000ee200000, 0x0000000100000000)
  eden space 15360K, 0% used [0x00000000ecf00000,0x00000000ecf00000,0x00000000ede00000)
  from space 2048K, 8% used [0x00000000ee000000,0x00000000ee02d810,0x00000000ee200000)
  to   space 2048K, 0% used [0x00000000ede00000,0x00000000ede00000,0x00000000ee000000)
 ParOldGen       total 39936K, used 2929K [0x00000000c6c00000, 0x00000000c9300000, 0x00000000ecf00000)
  object space 39936K, 7% used [0x00000000c6c00000,0x00000000c6edc700,0x00000000c9300000)
 Metaspace       used 7362K, capacity 7434K, committed 7552K, reserved 1056768K
  class space    used 786K, capacity 814K, committed 896K, reserved 1048576K
Event: 6,756 GC heap after
Heap after GC invocations=4 (full 2):
 PSYoungGen      total 17408K, used 0K [0x00000000ecf00000, 0x00000000ee200000, 0x0000000100000000)
  eden space 15360K, 0% used [0x00000000ecf00000,0x00000000ecf00000,0x00000000ede00000)
  from space 2048K, 0% used [0x00000000ee000000,0x00000000ee000000,0x00000000ee200000)
  to   space 2048K, 0% used [0x00000000ede00000,0x00000000ede00000,0x00000000ee000000)
 ParOldGen       total 39936K, used 1126K [0x00000000c6c00000, 0x00000000c9300000, 0x00000000ecf00000)
  object space 39936K, 2% used [0x00000000c6c00000,0x00000000c6d19990,0x00000000c9300000)
 Metaspace       used 7362K, capacity 7434K, committed 7552K, reserved 1056768K
  class space    used 786K, capacity 814K, committed 896K, reserved 1048576K
}

