# JRE version: Java(TM) SE Runtime Environment (8.0_91-b14) (build 1.8.0_91-b14)
# Java VM: Java HotSpot(TM) 64-Bit Server VM (25.91-b14 mixed mode linux-amd64 compressed oops)
Heap:
 PSYoungGen      total 17408K, used 256K [0x00000000ecf00000, 0x00000000ee200000, 0x0000000100000000)
  eden space 15360K, 1% used [0x00000000ecf00000,0x00000000ecf401b8,0x00000000ede00000)
  from space 2048K, 0% used [0x00000000ede00000,0x00000000ede00000,0x00000000ee000000)
  to   space 2048K, 0% used [0x00000000ee000000,0x00000000ee000000,0x00000000ee200000)
 ParOldGen       total 39936K, used 1453K [0x00000000c6c00000, 0x00000000c9300000, 0x00000000ecf00000)
  object space 39936K, 3% used [0x00000000c6c00000,0x00000000c6d6b788,0x00000000c9300000)
 Metaspace       used 9485K, capacity 9616K, committed 9728K, reserved 1058816K
  class space    used 958K, capacity 1007K, committed 1024K, reserved 1048576K
GC Heap History (10 events):
Event: 0,811 GC heap before
{Heap before GC invocations=1 (full 0):
 PSYoungGen      total 17408K, used 15360K [0x00000000ecf00000, 0x00000000ee200000, 0x0000000100000000)
  eden space 15360K, 100% used [0x00000000ecf00000,0x00000000ede00000,0x00000000ede00000)
  from space 2048K, 0% used [0x00000000ee000000,0x00000000ee000000,0x00000000ee200000)
  to   space 2048K, 0% used [0x00000000ede00000,0x00000000ede00000,0x00000000ee000000)
 ParOldGen       total 39936K, used 0K [0x00000000c6c00000, 0x00000000c9300000, 0x00000000ecf00000)
  object space 39936K, 0% used [0x00000000c6c00000,0x00000000c6c00000,0x00000000c9300000)
 Metaspace       used 9302K, capacity 9456K, committed 9728K, reserved 1058816K
  class space    used 944K, capacity 975K, committed 1024K, reserved 1048576K
Event: 0,816 GC heap after
Heap after GC invocations=1 (full 0):
 PSYoungGen      total 17408K, used 2039K [0x00000000ecf00000, 0x00000000ee200000, 0x0000000100000000)
  eden space 15360K, 0% used [0x00000000ecf00000,0x00000000ecf00000,0x00000000ede00000)
  from space 2048K, 99% used [0x00000000ede00000,0x00000000edffdf50,0x00000000ee000000)
  to   space 2048K, 0% used [0x00000000ee000000,0x00000000ee000000,0x00000000ee200000)
 ParOldGen       total 39936K, used 1402K [0x00000000c6c00000, 0x00000000c9300000, 0x00000000ecf00000)
  object space 39936K, 3% used [0x00000000c6c00000,0x00000000c6d5eb30,0x00000000c9300000)
 Metaspace       used 9302K, capacity 9456K, committed 9728K, reserved 1058816K
  class space    used 944K, capacity 975K, committed 1024K, reserved 1048576K
}
Event: 2,527 GC heap before
{Heap before GC invocations=2 (full 0):
 PSYoungGen      total 17408K, used 3096K [0x00000000ecf00000, 0x00000000ee200000, 0x0000000100000000)
  eden space 15360K, 6% used [0x00000000ecf00000,0x00000000ed008348,0x00000000ede00000)
  from space 2048K, 99% used [0x00000000ede00000,0x00000000edffdf50,0x00000000ee000000)
  to   space 2048K, 0% used [0x00000000ee000000,0x00000000ee000000,0x00000000ee200000)
 ParOldGen       total 39936K, used 1402K [0x00000000c6c00000, 0x00000000c9300000, 0x00000000ecf00000)
  object space 39936K, 3% used [0x00000000c6c00000,0x00000000c6d5eb30,0x00000000c9300000)
 Metaspace       used 9332K, capacity 9456K, committed 9728K, reserved 1058816K
  class space    used 946K, capacity 975K, committed 1024K, reserved 1048576K
Event: 2,532 GC heap after
Heap after GC invocations=2 (full 0):
 PSYoungGen      total 17408K, used 1456K [0x00000000ecf00000, 0x00000000ee200000, 0x0000000100000000)
  eden space 15360K, 0% used [0x00000000ecf00000,0x00000000ecf00000,0x00000000ede00000)
  from space 2048K, 71% used [0x00000000ee000000,0x00000000ee16c010,0x00000000ee200000)
  to   space 2048K, 0% used [0x00000000ede00000,0x00000000ede00000,0x00000000ee000000)
 ParOldGen       total 39936K, used 1410K [0x00000000c6c00000, 0x00000000c9300000, 0x00000000ecf00000)
  object space 39936K, 3% used [0x00000000c6c00000,0x00000000c6d60b30,0x00000000c9300000)
 Metaspace       used 9332K, capacity 9456K, committed 9728K, reserved 1058816K
  class space    used 946K, capacity 975K, committed 1024K, reserved 1048576K
}
Event: 2,532 GC heap before
{Heap before GC invocations=3 (full 1):
 PSYoungGen      total 17408K, used 1456K [0x00000000ecf00000, 0x00000000ee200000, 0x0000000100000000)
  eden space 15360K, 0% used [0x00000000ecf00000,0x00000000ecf00000,0x00000000ede00000)
  from space 2048K, 71% used [0x00000000ee000000,0x00000000ee16c010,0x00000000ee200000)
  to   space 2048K, 0% used [0x00000000ede00000,0x00000000ede00000,0x00000000ee000000)
 ParOldGen       total 39936K, used 1410K [0x00000000c6c00000, 0x00000000c9300000, 0x00000000ecf00000)
  object space 39936K, 3% used [0x00000000c6c00000,0x00000000c6d60b30,0x00000000c9300000)
 Metaspace       used 9332K, capacity 9456K, committed 9728K, reserved 1058816K
  class space    used 946K, capacity 975K, committed 1024K, reserved 1048576K
Event: 2,549 GC heap after
Heap after GC invocations=3 (full 1):
 PSYoungGen      total 17408K, used 0K [0x00000000ecf00000, 0x00000000ee200000, 0x0000000100000000)
  eden space 15360K, 0% used [0x00000000ecf00000,0x00000000ecf00000,0x00000000ede00000)
  from space 2048K, 0% used [0x00000000ee000000,0x00000000ee000000,0x00000000ee200000)
  to   space 2048K, 0% used [0x00000000ede00000,0x00000000ede00000,0x00000000ee000000)
 ParOldGen       total 39936K, used 1416K [0x00000000c6c00000, 0x00000000c9300000, 0x00000000ecf00000)
  object space 39936K, 3% used [0x00000000c6c00000,0x00000000c6d62048,0x00000000c9300000)
 Metaspace       used 9332K, capacity 9456K, committed 9728K, reserved 1058816K
  class space    used 946K, capacity 975K, committed 1024K, reserved 1048576K
}
Event: 2,560 GC heap before
{Heap before GC invocations=4 (full 1):
 PSYoungGen      total 17408K, used 971K [0x00000000ecf00000, 0x00000000ee200000, 0x0000000100000000)
  eden space 15360K, 6% used [0x00000000ecf00000,0x00000000ecff2f28,0x00000000ede00000)
  from space 2048K, 0% used [0x00000000ee000000,0x00000000ee000000,0x00000000ee200000)
  to   space 2048K, 0% used [0x00000000ede00000,0x00000000ede00000,0x00000000ee000000)
 ParOldGen       total 39936K, used 1416K [0x00000000c6c00000, 0x00000000c9300000, 0x00000000ecf00000)
  object space 39936K, 3% used [0x00000000c6c00000,0x00000000c6d62048,0x00000000c9300000)
 Metaspace       used 9485K, capacity 9616K, committed 9728K, reserved 1058816K
  class space    used 958K, capacity 1007K, committed 1024K, reserved 1048576K
Event: 2,564 GC heap after
Heap after GC invocations=4 (full 1):
 PSYoungGen      total 17408K, used 182K [0x00000000ecf00000, 0x00000000ee200000, 0x0000000100000000)
  eden space 15360K, 0% used [0x00000000ecf00000,0x00000000ecf00000,0x00000000ede00000)
  from space 2048K, 8% used [0x00000000ede00000,0x00000000ede2d810,0x00000000ee000000)
  to   space 2048K, 0% used [0x00000000ee000000,0x00000000ee000000,0x00000000ee200000)
 ParOldGen       total 39936K, used 1416K [0x00000000c6c00000, 0x00000000c9300000, 0x00000000ecf00000)
  object space 39936K, 3% used [0x00000000c6c00000,0x00000000c6d62048,0x00000000c9300000)
 Metaspace       used 9485K, capacity 9616K, committed 9728K, reserved 1058816K
  class space    used 958K, capacity 1007K, committed 1024K, reserved 1048576K
}
Event: 2,564 GC heap before
{Heap before GC invocations=5 (full 2):
 PSYoungGen      total 17408K, used 182K [0x00000000ecf00000, 0x00000000ee200000, 0x0000000100000000)
  eden space 15360K, 0% used [0x00000000ecf00000,0x00000000ecf00000,0x00000000ede00000)
  from space 2048K, 8% used [0x00000000ede00000,0x00000000ede2d810,0x00000000ee000000)
  to   space 2048K, 0% used [0x00000000ee000000,0x00000000ee000000,0x00000000ee200000)
 ParOldGen       total 39936K, used 1416K [0x00000000c6c00000, 0x00000000c9300000, 0x00000000ecf00000)
  object space 39936K, 3% used [0x00000000c6c00000,0x00000000c6d62048,0x00000000c9300000)
 Metaspace       used 9485K, capacity 9616K, committed 9728K, reserved 1058816K
  class space    used 958K, capacity 1007K, committed 1024K, reserved 1048576K
Event: 2,581 GC heap after
Heap after GC invocations=5 (full 2):
 PSYoungGen      total 17408K, used 0K [0x00000000ecf00000, 0x00000000ee200000, 0x0000000100000000)
  eden space 15360K, 0% used [0x00000000ecf00000,0x00000000ecf00000,0x00000000ede00000)
  from space 2048K, 0% used [0x00000000ede00000,0x00000000ede00000,0x00000000ee000000)
  to   space 2048K, 0% used [0x00000000ee000000,0x00000000ee000000,0x00000000ee200000)
 ParOldGen       total 39936K, used 1453K [0x00000000c6c00000, 0x00000000c9300000, 0x00000000ecf00000)
  object space 39936K, 3% used [0x00000000c6c00000,0x00000000c6d6b788,0x00000000c9300000)
 Metaspace       used 9485K, capacity 9616K, committed 9728K, reserved 1058816K
  class space    used 958K, capacity 1007K, committed 1024K, reserved 1048576K
}

