# JRE version: Java(TM) SE Runtime Environment (8.0_91-b14) (build 1.8.0_91-b14)
# Java VM: Java HotSpot(TM) 64-Bit Server VM (25.91-b14 mixed mode linux-amd64 compressed oops)
Heap:
 PSYoungGen      total 32768K, used 512K [0x00000000ecf00000, 0x00000000ef100000, 0x0000000100000000)
  eden space 30720K, 1% used [0x00000000ecf00000,0x00000000ecf801b8,0x00000000eed00000)
  from space 2048K, 0% used [0x00000000eef00000,0x00000000eef00000,0x00000000ef100000)
  to   space 2048K, 1% used [0x00000000eed00000,0x00000000eed08000,0x00000000eef00000)
 ParOldGen       total 39936K, used 2317K [0x00000000c6c00000, 0x00000000c9300000, 0x00000000ecf00000)
  object space 39936K, 5% used [0x00000000c6c00000,0x00000000c6e43720,0x00000000c9300000)
 Metaspace       used 10597K, capacity 10742K, committed 10880K, reserved 1058816K
  class space    used 1077K, capacity 1104K, committed 1152K, reserved 1048576K
GC Heap History (10 events):
Event: 0,859 GC heap before
{Heap before GC invocations=2 (full 0):
 PSYoungGen      total 17408K, used 17388K [0x00000000ecf00000, 0x00000000ee200000, 0x0000000100000000)
  eden space 15360K, 100% used [0x00000000ecf00000,0x00000000ede00000,0x00000000ede00000)
  from space 2048K, 99% used [0x00000000ede00000,0x00000000edffb100,0x00000000ee000000)
  to   space 2048K, 0% used [0x00000000ee000000,0x00000000ee000000,0x00000000ee200000)
 ParOldGen       total 39936K, used 934K [0x00000000c6c00000, 0x00000000c9300000, 0x00000000ecf00000)
  object space 39936K, 2% used [0x00000000c6c00000,0x00000000c6ce98d8,0x00000000c9300000)
 Metaspace       used 8513K, capacity 8618K, committed 8960K, reserved 1056768K
  class space    used 878K, capacity 910K, committed 1024K, reserved 1048576K
Event: 0,862 GC heap after
Heap after GC invocations=2 (full 0):
 PSYoungGen      total 17408K, used 1504K [0x00000000ecf00000, 0x00000000ef100000, 0x0000000100000000)
  eden space 15360K, 0% used [0x00000000ecf00000,0x00000000ecf00000,0x00000000ede00000)
  from space 2048K, 73% used [0x00000000ee000000,0x00000000ee178020,0x00000000ee200000)
  to   space 2048K, 0% used [0x00000000ede00000,0x00000000ede00000,0x00000000ee000000)
 ParOldGen       total 39936K, used 942K [0x00000000c6c00000, 0x00000000c9300000, 0x00000000ecf00000)
  object space 39936K, 2% used [0x00000000c6c00000,0x00000000c6ceb8d8,0x00000000c9300000)
 Metaspace       used 8513K, capacity 8618K, committed 8960K, reserved 1056768K
  class space    used 878K, capacity 910K, committed 1024K, reserved 1048576K
}
Event: 128,068 GC heap before
{Heap before GC invocations=3 (full 0):
 PSYoungGen      total 17408K, used 16851K [0x00000000ecf00000, 0x00000000ef100000, 0x0000000100000000)
  eden space 15360K, 99% used [0x00000000ecf00000,0x00000000eddfce88,0x00000000ede00000)
  from space 2048K, 73% used [0x00000000ee000000,0x00000000ee178020,0x00000000ee200000)
  to   space 2048K, 0% used [0x00000000ede00000,0x00000000ede00000,0x00000000ee000000)
 ParOldGen       total 39936K, used 942K [0x00000000c6c00000, 0x00000000c9300000, 0x00000000ecf00000)
  object space 39936K, 2% used [0x00000000c6c00000,0x00000000c6ceb8d8,0x00000000c9300000)
 Metaspace       used 10506K, capacity 10614K, committed 10880K, reserved 1058816K
  class space    used 1068K, capacity 1104K, committed 1152K, reserved 1048576K
Event: 128,083 GC heap after
Heap after GC invocations=3 (full 0):
 PSYoungGen      total 17408K, used 2034K [0x00000000ecf00000, 0x00000000ef100000, 0x0000000100000000)
  eden space 15360K, 0% used [0x00000000ecf00000,0x00000000ecf00000,0x00000000ede00000)
  from space 2048K, 99% used [0x00000000ede00000,0x00000000edffc830,0x00000000ee000000)
  to   space 2048K, 0% used [0x00000000eef00000,0x00000000eef00000,0x00000000ef100000)
 ParOldGen       total 39936K, used 3139K [0x00000000c6c00000, 0x00000000c9300000, 0x00000000ecf00000)
  object space 39936K, 7% used [0x00000000c6c00000,0x00000000c6f10d78,0x00000000c9300000)
 Metaspace       used 10506K, capacity 10614K, committed 10880K, reserved 1058816K
  class space    used 1068K, capacity 1104K, committed 1152K, reserved 1048576K
}
Event: 128,083 GC heap before
{Heap before GC invocations=4 (full 1):
 PSYoungGen      total 17408K, used 2034K [0x00000000ecf00000, 0x00000000ef100000, 0x0000000100000000)
  eden space 15360K, 0% used [0x00000000ecf00000,0x00000000ecf00000,0x00000000ede00000)
  from space 2048K, 99% used [0x00000000ede00000,0x00000000edffc830,0x00000000ee000000)
  to   space 2048K, 0% used [0x00000000eef00000,0x00000000eef00000,0x00000000ef100000)
 ParOldGen       total 39936K, used 3139K [0x00000000c6c00000, 0x00000000c9300000, 0x00000000ecf00000)
  object space 39936K, 7% used [0x00000000c6c00000,0x00000000c6f10d78,0x00000000c9300000)
 Metaspace       used 10506K, capacity 10614K, committed 10880K, reserved 1058816K
  class space    used 1068K, capacity 1104K, committed 1152K, reserved 1048576K
Event: 128,121 GC heap after
Heap after GC invocations=4 (full 1):
 PSYoungGen      total 17408K, used 0K [0x00000000ecf00000, 0x00000000ef100000, 0x0000000100000000)
  eden space 15360K, 0% used [0x00000000ecf00000,0x00000000ecf00000,0x00000000ede00000)
  from space 2048K, 0% used [0x00000000ede00000,0x00000000ede00000,0x00000000ee000000)
  to   space 2048K, 0% used [0x00000000eef00000,0x00000000eef00000,0x00000000ef100000)
 ParOldGen       total 39936K, used 4215K [0x00000000c6c00000, 0x00000000c9300000, 0x00000000ecf00000)
  object space 39936K, 10% used [0x00000000c6c00000,0x00000000c701dcf0,0x00000000c9300000)
 Metaspace       used 10506K, capacity 10614K, committed 10880K, reserved 1058816K
  class space    used 1068K, capacity 1104K, committed 1152K, reserved 1048576K
}
Event: 128,187 GC heap before
{Heap before GC invocations=5 (full 1):
 PSYoungGen      total 17408K, used 870K [0x00000000ecf00000, 0x00000000ef100000, 0x0000000100000000)
  eden space 15360K, 5% used [0x00000000ecf00000,0x00000000ecfd9bd8,0x00000000ede00000)
  from space 2048K, 0% used [0x00000000ede00000,0x00000000ede00000,0x00000000ee000000)
  to   space 2048K, 0% used [0x00000000eef00000,0x00000000eef00000,0x00000000ef100000)
 ParOldGen       total 39936K, used 4215K [0x00000000c6c00000, 0x00000000c9300000, 0x00000000ecf00000)
  object space 39936K, 10% used [0x00000000c6c00000,0x00000000c701dcf0,0x00000000c9300000)
 Metaspace       used 10595K, capacity 10742K, committed 10880K, reserved 1058816K
  class space    used 1077K, capacity 1104K, committed 1152K, reserved 1048576K
Event: 128,198 GC heap after
Heap after GC invocations=5 (full 1):
 PSYoungGen      total 32768K, used 128K [0x00000000ecf00000, 0x00000000ef100000, 0x0000000100000000)
  eden space 30720K, 0% used [0x00000000ecf00000,0x00000000ecf00000,0x00000000eed00000)
  from space 2048K, 6% used [0x00000000eef00000,0x00000000eef20000,0x00000000ef100000)
  to   space 2048K, 0% used [0x00000000eed00000,0x00000000eed00000,0x00000000eef00000)
 ParOldGen       total 39936K, used 4215K [0x00000000c6c00000, 0x00000000c9300000, 0x00000000ecf00000)
  object space 39936K, 10% used [0x00000000c6c00000,0x00000000c701dcf0,0x00000000c9300000)
 Metaspace       used 10595K, capacity 10742K, committed 10880K, reserved 1058816K
  class space    used 1077K, capacity 1104K, committed 1152K, reserved 1048576K
}
Event: 128,198 GC heap before
{Heap before GC invocations=6 (full 2):
 PSYoungGen      total 32768K, used 128K [0x00000000ecf00000, 0x00000000ef100000, 0x0000000100000000)
  eden space 30720K, 0% used [0x00000000ecf00000,0x00000000ecf00000,0x00000000eed00000)
  from space 2048K, 6% used [0x00000000eef00000,0x00000000eef20000,0x00000000ef100000)
  to   space 2048K, 0% used [0x00000000eed00000,0x00000000eed00000,0x00000000eef00000)
 ParOldGen       total 39936K, used 4215K [0x00000000c6c00000, 0x00000000c9300000, 0x00000000ecf00000)
  object space 39936K, 10% used [0x00000000c6c00000,0x00000000c701dcf0,0x00000000c9300000)
 Metaspace       used 10595K, capacity 10742K, committed 10880K, reserved 1058816K
  class space    used 1077K, capacity 1104K, committed 1152K, reserved 1048576K
Event: 128,217 GC heap after
Heap after GC invocations=6 (full 2):
 PSYoungGen      total 32768K, used 0K [0x00000000ecf00000, 0x00000000ef100000, 0x0000000100000000)
  eden space 30720K, 0% used [0x00000000ecf00000,0x00000000ecf00000,0x00000000eed00000)
  from space 2048K, 0% used [0x00000000eef00000,0x00000000eef00000,0x00000000ef100000)
  to   space 2048K, 0% used [0x00000000eed00000,0x00000000eed00000,0x00000000eef00000)
 ParOldGen       total 39936K, used 2317K [0x00000000c6c00000, 0x00000000c9300000, 0x00000000ecf00000)
  object space 39936K, 5% used [0x00000000c6c00000,0x00000000c6e43720,0x00000000c9300000)
 Metaspace       used 10595K, capacity 10742K, committed 10880K, reserved 1058816K
  class space    used 1077K, capacity 1104K, committed 1152K, reserved 1048576K
}

