# JRE version: Java(TM) SE Runtime Environment (8.0_91-b14) (build 1.8.0_91-b14)
# Java VM: Java HotSpot(TM) 64-Bit Server VM (25.91-b14 mixed mode linux-amd64 compressed oops)
Heap:
 PSYoungGen      total 17408K, used 256K [0x00000000ecf00000, 0x00000000ee200000, 0x0000000100000000)
  eden space 15360K, 1% used [0x00000000ecf00000,0x00000000ecf401b8,0x00000000ede00000)
  from space 2048K, 0% used [0x00000000ede00000,0x00000000ede00000,0x00000000ee000000)
  to   space 2048K, 3% used [0x00000000ee000000,0x00000000ee010000,0x00000000ee200000)
 ParOldGen       total 39936K, used 1504K [0x00000000c6c00000, 0x00000000c9300000, 0x00000000ecf00000)
  object space 39936K, 3% used [0x00000000c6c00000,0x00000000c6d78218,0x00000000c9300000)
 Metaspace       used 9397K, capacity 9520K, committed 9728K, reserved 1058816K
  class space    used 948K, capacity 975K, committed 1024K, reserved 1048576K
GC Heap History (10 events):
Event: 2,121 GC heap before
{Heap before GC invocations=1 (full 0):
 PSYoungGen      total 17408K, used 15360K [0x00000000ecf00000, 0x00000000ee200000, 0x0000000100000000)
  eden space 15360K, 100% used [0x00000000ecf00000,0x00000000ede00000,0x00000000ede00000)
  from space 2048K, 0% used [0x00000000ee000000,0x00000000ee000000,0x00000000ee200000)
  to   space 2048K, 0% used [0x00000000ede00000,0x00000000ede00000,0x00000000ee000000)
 ParOldGen       total 39936K, used 0K [0x00000000c6c00000, 0x00000000c9300000, 0x00000000ecf00000)
  object space 39936K, 0% used [0x00000000c6c00000,0x00000000c6c00000,0x00000000c9300000)
 Metaspace       used 8794K, capacity 8874K, committed 9216K, reserved 1056768K
  class space    used 881K, capacity 910K, committed 1024K, reserved 1048576K
Event: 2,127 GC heap after
Heap after GC invocations=1 (full 0):
 PSYoungGen      total 17408K, used 2040K [0x00000000ecf00000, 0x00000000ee200000, 0x0000000100000000)
  eden space 15360K, 0% used [0x00000000ecf00000,0x00000000ecf00000,0x00000000ede00000)
  from space 2048K, 99% used [0x00000000ede00000,0x00000000edffe378,0x00000000ee000000)
  to   space 2048K, 0% used [0x00000000ee000000,0x00000000ee000000,0x00000000ee200000)
 ParOldGen       total 39936K, used 2087K [0x00000000c6c00000, 0x00000000c9300000, 0x00000000ecf00000)
  object space 39936K, 5% used [0x00000000c6c00000,0x00000000c6e09ea8,0x00000000c9300000)
 Metaspace       used 8794K, capacity 8874K, committed 9216K, reserved 1056768K
  class space    used 881K, capacity 910K, committed 1024K, reserved 1048576K
}
Event: 17,610 GC heap before
{Heap before GC invocations=2 (full 0):
 PSYoungGen      total 17408K, used 4302K [0x00000000ecf00000, 0x00000000ee200000, 0x0000000100000000)
  eden space 15360K, 14% used [0x00000000ecf00000,0x00000000ed135860,0x00000000ede00000)
  from space 2048K, 99% used [0x00000000ede00000,0x00000000edffe378,0x00000000ee000000)
  to   space 2048K, 0% used [0x00000000ee000000,0x00000000ee000000,0x00000000ee200000)
 ParOldGen       total 39936K, used 2087K [0x00000000c6c00000, 0x00000000c9300000, 0x00000000ecf00000)
  object space 39936K, 5% used [0x00000000c6c00000,0x00000000c6e09ea8,0x00000000c9300000)
 Metaspace       used 9171K, capacity 9264K, committed 9472K, reserved 1058816K
  class space    used 929K, capacity 975K, committed 1024K, reserved 1048576K
Event: 17,629 GC heap after
Heap after GC invocations=2 (full 0):
 PSYoungGen      total 17408K, used 1705K [0x00000000ecf00000, 0x00000000ee200000, 0x0000000100000000)
  eden space 15360K, 0% used [0x00000000ecf00000,0x00000000ecf00000,0x00000000ede00000)
  from space 2048K, 83% used [0x00000000ee000000,0x00000000ee1aa758,0x00000000ee200000)
  to   space 2048K, 0% used [0x00000000ede00000,0x00000000ede00000,0x00000000ee000000)
 ParOldGen       total 39936K, used 2095K [0x00000000c6c00000, 0x00000000c9300000, 0x00000000ecf00000)
  object space 39936K, 5% used [0x00000000c6c00000,0x00000000c6e0bea8,0x00000000c9300000)
 Metaspace       used 9171K, capacity 9264K, committed 9472K, reserved 1058816K
  class space    used 929K, capacity 975K, committed 1024K, reserved 1048576K
}
Event: 17,629 GC heap before
{Heap before GC invocations=3 (full 1):
 PSYoungGen      total 17408K, used 1705K [0x00000000ecf00000, 0x00000000ee200000, 0x0000000100000000)
  eden space 15360K, 0% used [0x00000000ecf00000,0x00000000ecf00000,0x00000000ede00000)
  from space 2048K, 83% used [0x00000000ee000000,0x00000000ee1aa758,0x00000000ee200000)
  to   space 2048K, 0% used [0x00000000ede00000,0x00000000ede00000,0x00000000ee000000)
 ParOldGen       total 39936K, used 2095K [0x00000000c6c00000, 0x00000000c9300000, 0x00000000ecf00000)
  object space 39936K, 5% used [0x00000000c6c00000,0x00000000c6e0bea8,0x00000000c9300000)
 Metaspace       used 9171K, capacity 9264K, committed 9472K, reserved 1058816K
  class space    used 929K, capacity 975K, committed 1024K, reserved 1048576K
Event: 17,692 GC heap after
Heap after GC invocations=3 (full 1):
 PSYoungGen      total 17408K, used 0K [0x00000000ecf00000, 0x00000000ee200000, 0x0000000100000000)
  eden space 15360K, 0% used [0x00000000ecf00000,0x00000000ecf00000,0x00000000ede00000)
  from space 2048K, 0% used [0x00000000ee000000,0x00000000ee000000,0x00000000ee200000)
  to   space 2048K, 0% used [0x00000000ede00000,0x00000000ede00000,0x00000000ee000000)
 ParOldGen       total 39936K, used 1683K [0x00000000c6c00000, 0x00000000c9300000, 0x00000000ecf00000)
  object space 39936K, 4% used [0x00000000c6c00000,0x00000000c6da4dc0,0x00000000c9300000)
 Metaspace       used 9171K, capacity 9264K, committed 9472K, reserved 1058816K
  class space    used 929K, capacity 975K, committed 1024K, reserved 1048576K
}
Event: 17,720 GC heap before
{Heap before GC invocations=4 (full 1):
 PSYoungGen      total 17408K, used 1227K [0x00000000ecf00000, 0x00000000ee200000, 0x0000000100000000)
  eden space 15360K, 7% used [0x00000000ecf00000,0x00000000ed032f18,0x00000000ede00000)
  from space 2048K, 0% used [0x00000000ee000000,0x00000000ee000000,0x00000000ee200000)
  to   space 2048K, 0% used [0x00000000ede00000,0x00000000ede00000,0x00000000ee000000)
 ParOldGen       total 39936K, used 1683K [0x00000000c6c00000, 0x00000000c9300000, 0x00000000ecf00000)
  object space 39936K, 4% used [0x00000000c6c00000,0x00000000c6da4dc0,0x00000000c9300000)
 Metaspace       used 9333K, capacity 9456K, committed 9728K, reserved 1058816K
  class space    used 941K, capacity 975K, committed 1024K, reserved 1048576K
Event: 17,736 GC heap after
Heap after GC invocations=4 (full 1):
 PSYoungGen      total 17408K, used 118K [0x00000000ecf00000, 0x00000000ee200000, 0x0000000100000000)
  eden space 15360K, 0% used [0x00000000ecf00000,0x00000000ecf00000,0x00000000ede00000)
  from space 2048K, 5% used [0x00000000ede00000,0x00000000ede1d810,0x00000000ee000000)
  to   space 2048K, 0% used [0x00000000ee000000,0x00000000ee000000,0x00000000ee200000)
 ParOldGen       total 39936K, used 1691K [0x00000000c6c00000, 0x00000000c9300000, 0x00000000ecf00000)
  object space 39936K, 4% used [0x00000000c6c00000,0x00000000c6da6dc0,0x00000000c9300000)
 Metaspace       used 9333K, capacity 9456K, committed 9728K, reserved 1058816K
  class space    used 941K, capacity 975K, committed 1024K, reserved 1048576K
}
Event: 17,736 GC heap before
{Heap before GC invocations=5 (full 2):
 PSYoungGen      total 17408K, used 118K [0x00000000ecf00000, 0x00000000ee200000, 0x0000000100000000)
  eden space 15360K, 0% used [0x00000000ecf00000,0x00000000ecf00000,0x00000000ede00000)
  from space 2048K, 5% used [0x00000000ede00000,0x00000000ede1d810,0x00000000ee000000)
  to   space 2048K, 0% used [0x00000000ee000000,0x00000000ee000000,0x00000000ee200000)
 ParOldGen       total 39936K, used 1691K [0x00000000c6c00000, 0x00000000c9300000, 0x00000000ecf00000)
  object space 39936K, 4% used [0x00000000c6c00000,0x00000000c6da6dc0,0x00000000c9300000)
 Metaspace       used 9333K, capacity 9456K, committed 9728K, reserved 1058816K
  class space    used 941K, capacity 975K, committed 1024K, reserved 1048576K
Event: 17,748 GC heap after
Heap after GC invocations=5 (full 2):
 PSYoungGen      total 17408K, used 0K [0x00000000ecf00000, 0x00000000ee200000, 0x0000000100000000)
  eden space 15360K, 0% used [0x00000000ecf00000,0x00000000ecf00000,0x00000000ede00000)
  from space 2048K, 0% used [0x00000000ede00000,0x00000000ede00000,0x00000000ee000000)
  to   space 2048K, 0% used [0x00000000ee000000,0x00000000ee000000,0x00000000ee200000)
 ParOldGen       total 39936K, used 1504K [0x00000000c6c00000, 0x00000000c9300000, 0x00000000ecf00000)
  object space 39936K, 3% used [0x00000000c6c00000,0x00000000c6d78218,0x00000000c9300000)
 Metaspace       used 9333K, capacity 9456K, committed 9728K, reserved 1058816K
  class space    used 941K, capacity 975K, committed 1024K, reserved 1048576K
}

