# JRE version: Java(TM) SE Runtime Environment (8.0_91-b14) (build 1.8.0_91-b14)
# Java VM: Java HotSpot(TM) 64-Bit Server VM (25.91-b14 mixed mode linux-amd64 compressed oops)
Heap:
 PSYoungGen      total 17408K, used 102K [0x00000000ecf00000, 0x00000000ee200000, 0x0000000100000000)
  eden space 15360K, 0% used [0x00000000ecf00000,0x00000000ecf19b40,0x00000000ede00000)
  from space 2048K, 0% used [0x00000000ede00000,0x00000000ede00000,0x00000000ee000000)
  to   space 2048K, 0% used [0x00000000ee000000,0x00000000ee000000,0x00000000ee200000)
 ParOldGen       total 39936K, used 1456K [0x00000000c6c00000, 0x00000000c9300000, 0x00000000ecf00000)
  object space 39936K, 3% used [0x00000000c6c00000,0x00000000c6d6c388,0x00000000c9300000)
 Metaspace       used 9533K, capacity 9680K, committed 9728K, reserved 1058816K
  class space    used 960K, capacity 1007K, committed 1024K, reserved 1048576K
GC Heap History (10 events):
Event: 0,778 GC heap before
{Heap before GC invocations=1 (full 0):
 PSYoungGen      total 17408K, used 15360K [0x00000000ecf00000, 0x00000000ee200000, 0x0000000100000000)
  eden space 15360K, 100% used [0x00000000ecf00000,0x00000000ede00000,0x00000000ede00000)
  from space 2048K, 0% used [0x00000000ee000000,0x00000000ee000000,0x00000000ee200000)
  to   space 2048K, 0% used [0x00000000ede00000,0x00000000ede00000,0x00000000ee000000)
 ParOldGen       total 39936K, used 0K [0x00000000c6c00000, 0x00000000c9300000, 0x00000000ecf00000)
  object space 39936K, 0% used [0x00000000c6c00000,0x00000000c6c00000,0x00000000c9300000)
 Metaspace       used 9305K, capacity 9456K, committed 9728K, reserved 1058816K
  class space    used 943K, capacity 975K, committed 1024K, reserved 1048576K
Event: 0,784 GC heap after
Heap after GC invocations=1 (full 0):
 PSYoungGen      total 17408K, used 2021K [0x00000000ecf00000, 0x00000000ee200000, 0x0000000100000000)
  eden space 15360K, 0% used [0x00000000ecf00000,0x00000000ecf00000,0x00000000ede00000)
  from space 2048K, 98% used [0x00000000ede00000,0x00000000edff9740,0x00000000ee000000)
  to   space 2048K, 0% used [0x00000000ee000000,0x00000000ee000000,0x00000000ee200000)
 ParOldGen       total 39936K, used 1457K [0x00000000c6c00000, 0x00000000c9300000, 0x00000000ecf00000)
  object space 39936K, 3% used [0x00000000c6c00000,0x00000000c6d6c4d0,0x00000000c9300000)
 Metaspace       used 9305K, capacity 9456K, committed 9728K, reserved 1058816K
  class space    used 943K, capacity 975K, committed 1024K, reserved 1048576K
}
Event: 5,039 GC heap before
{Heap before GC invocations=2 (full 0):
 PSYoungGen      total 17408K, used 3083K [0x00000000ecf00000, 0x00000000ee200000, 0x0000000100000000)
  eden space 15360K, 6% used [0x00000000ecf00000,0x00000000ed009520,0x00000000ede00000)
  from space 2048K, 98% used [0x00000000ede00000,0x00000000edff9740,0x00000000ee000000)
  to   space 2048K, 0% used [0x00000000ee000000,0x00000000ee000000,0x00000000ee200000)
 ParOldGen       total 39936K, used 1457K [0x00000000c6c00000, 0x00000000c9300000, 0x00000000ecf00000)
  object space 39936K, 3% used [0x00000000c6c00000,0x00000000c6d6c4d0,0x00000000c9300000)
 Metaspace       used 9337K, capacity 9456K, committed 9728K, reserved 1058816K
  class space    used 945K, capacity 975K, committed 1024K, reserved 1048576K
Event: 5,049 GC heap after
Heap after GC invocations=2 (full 0):
 PSYoungGen      total 17408K, used 1458K [0x00000000ecf00000, 0x00000000ee200000, 0x0000000100000000)
  eden space 15360K, 0% used [0x00000000ecf00000,0x00000000ecf00000,0x00000000ede00000)
  from space 2048K, 71% used [0x00000000ee000000,0x00000000ee16c830,0x00000000ee200000)
  to   space 2048K, 0% used [0x00000000ede00000,0x00000000ede00000,0x00000000ee000000)
 ParOldGen       total 39936K, used 1465K [0x00000000c6c00000, 0x00000000c9300000, 0x00000000ecf00000)
  object space 39936K, 3% used [0x00000000c6c00000,0x00000000c6d6e4d0,0x00000000c9300000)
 Metaspace       used 9337K, capacity 9456K, committed 9728K, reserved 1058816K
  class space    used 945K, capacity 975K, committed 1024K, reserved 1048576K
}
Event: 5,049 GC heap before
{Heap before GC invocations=3 (full 1):
 PSYoungGen      total 17408K, used 1458K [0x00000000ecf00000, 0x00000000ee200000, 0x0000000100000000)
  eden space 15360K, 0% used [0x00000000ecf00000,0x00000000ecf00000,0x00000000ede00000)
  from space 2048K, 71% used [0x00000000ee000000,0x00000000ee16c830,0x00000000ee200000)
  to   space 2048K, 0% used [0x00000000ede00000,0x00000000ede00000,0x00000000ee000000)
 ParOldGen       total 39936K, used 1465K [0x00000000c6c00000, 0x00000000c9300000, 0x00000000ecf00000)
  object space 39936K, 3% used [0x00000000c6c00000,0x00000000c6d6e4d0,0x00000000c9300000)
 Metaspace       used 9337K, capacity 9456K, committed 9728K, reserved 1058816K
  class space    used 945K, capacity 975K, committed 1024K, reserved 1048576K
Event: 5,074 GC heap after
Heap after GC invocations=3 (full 1):
 PSYoungGen      total 17408K, used 0K [0x00000000ecf00000, 0x00000000ee200000, 0x0000000100000000)
  eden space 15360K, 0% used [0x00000000ecf00000,0x00000000ecf00000,0x00000000ede00000)
  from space 2048K, 0% used [0x00000000ee000000,0x00000000ee000000,0x00000000ee200000)
  to   space 2048K, 0% used [0x00000000ede00000,0x00000000ede00000,0x00000000ee000000)
 ParOldGen       total 39936K, used 1418K [0x00000000c6c00000, 0x00000000c9300000, 0x00000000ecf00000)
  object space 39936K, 3% used [0x00000000c6c00000,0x00000000c6d62bb8,0x00000000c9300000)
 Metaspace       used 9337K, capacity 9456K, committed 9728K, reserved 1058816K
  class space    used 945K, capacity 975K, committed 1024K, reserved 1048576K
}
Event: 5,088 GC heap before
{Heap before GC invocations=4 (full 1):
 PSYoungGen      total 17408K, used 1127K [0x00000000ecf00000, 0x00000000ee200000, 0x0000000100000000)
  eden space 15360K, 7% used [0x00000000ecf00000,0x00000000ed019f00,0x00000000ede00000)
  from space 2048K, 0% used [0x00000000ee000000,0x00000000ee000000,0x00000000ee200000)
  to   space 2048K, 0% used [0x00000000ede00000,0x00000000ede00000,0x00000000ee000000)
 ParOldGen       total 39936K, used 1418K [0x00000000c6c00000, 0x00000000c9300000, 0x00000000ecf00000)
  object space 39936K, 3% used [0x00000000c6c00000,0x00000000c6d62bb8,0x00000000c9300000)
 Metaspace       used 9487K, capacity 9616K, committed 9728K, reserved 1058816K
  class space    used 956K, capacity 1007K, committed 1024K, reserved 1048576K
Event: 5,089 GC heap after
Heap after GC invocations=4 (full 1):
 PSYoungGen      total 17408K, used 182K [0x00000000ecf00000, 0x00000000ee200000, 0x0000000100000000)
  eden space 15360K, 0% used [0x00000000ecf00000,0x00000000ecf00000,0x00000000ede00000)
  from space 2048K, 8% used [0x00000000ede00000,0x00000000ede2d810,0x00000000ee000000)
  to   space 2048K, 0% used [0x00000000ee000000,0x00000000ee000000,0x00000000ee200000)
 ParOldGen       total 39936K, used 1426K [0x00000000c6c00000, 0x00000000c9300000, 0x00000000ecf00000)
  object space 39936K, 3% used [0x00000000c6c00000,0x00000000c6d64bb8,0x00000000c9300000)
 Metaspace       used 9487K, capacity 9616K, committed 9728K, reserved 1058816K
  class space    used 956K, capacity 1007K, committed 1024K, reserved 1048576K
}
Event: 5,089 GC heap before
{Heap before GC invocations=5 (full 2):
 PSYoungGen      total 17408K, used 182K [0x00000000ecf00000, 0x00000000ee200000, 0x0000000100000000)
  eden space 15360K, 0% used [0x00000000ecf00000,0x00000000ecf00000,0x00000000ede00000)
  from space 2048K, 8% used [0x00000000ede00000,0x00000000ede2d810,0x00000000ee000000)
  to   space 2048K, 0% used [0x00000000ee000000,0x00000000ee000000,0x00000000ee200000)
 ParOldGen       total 39936K, used 1426K [0x00000000c6c00000, 0x00000000c9300000, 0x00000000ecf00000)
  object space 39936K, 3% used [0x00000000c6c00000,0x00000000c6d64bb8,0x00000000c9300000)
 Metaspace       used 9487K, capacity 9616K, committed 9728K, reserved 1058816K
  class space    used 956K, capacity 1007K, committed 1024K, reserved 1048576K
Event: 5,105 GC heap after
Heap after GC invocations=5 (full 2):
 PSYoungGen      total 17408K, used 0K [0x00000000ecf00000, 0x00000000ee200000, 0x0000000100000000)
  eden space 15360K, 0% used [0x00000000ecf00000,0x00000000ecf00000,0x00000000ede00000)
  from space 2048K, 0% used [0x00000000ede00000,0x00000000ede00000,0x00000000ee000000)
  to   space 2048K, 0% used [0x00000000ee000000,0x00000000ee000000,0x00000000ee200000)
 ParOldGen       total 39936K, used 1456K [0x00000000c6c00000, 0x00000000c9300000, 0x00000000ecf00000)
  object space 39936K, 3% used [0x00000000c6c00000,0x00000000c6d6c388,0x00000000c9300000)
 Metaspace       used 9487K, capacity 9616K, committed 9728K, reserved 1058816K
  class space    used 956K, capacity 1007K, committed 1024K, reserved 1048576K
}

