# JRE version: Java(TM) SE Runtime Environment (8.0_91-b14) (build 1.8.0_91-b14)
# Java VM: Java HotSpot(TM) 64-Bit Server VM (25.91-b14 mixed mode linux-amd64 compressed oops)
Heap:
 PSYoungGen      total 17408K, used 512K [0x00000000ecf00000, 0x00000000ee200000, 0x0000000100000000)
  eden space 15360K, 3% used [0x00000000ecf00000,0x00000000ecf801d0,0x00000000ede00000)
  from space 2048K, 0% used [0x00000000ee000000,0x00000000ee000000,0x00000000ee200000)
  to   space 2048K, 0% used [0x00000000ede00000,0x00000000ede00000,0x00000000ee000000)
 ParOldGen       total 39936K, used 1068K [0x00000000c6c00000, 0x00000000c9300000, 0x00000000ecf00000)
  object space 39936K, 2% used [0x00000000c6c00000,0x00000000c6d0b070,0x00000000c9300000)
 Metaspace       used 7306K, capacity 7370K, committed 7552K, reserved 1056768K
  class space    used 786K, capacity 814K, committed 896K, reserved 1048576K
GC Heap History (8 events):
Event: 2,513 GC heap before
{Heap before GC invocations=1 (full 0):
 PSYoungGen      total 17408K, used 7814K [0x00000000ecf00000, 0x00000000ee200000, 0x0000000100000000)
  eden space 15360K, 50% used [0x00000000ecf00000,0x00000000ed6a1908,0x00000000ede00000)
  from space 2048K, 0% used [0x00000000ee000000,0x00000000ee000000,0x00000000ee200000)
  to   space 2048K, 0% used [0x00000000ede00000,0x00000000ede00000,0x00000000ee000000)
 ParOldGen       total 39936K, used 0K [0x00000000c6c00000, 0x00000000c9300000, 0x00000000ecf00000)
  object space 39936K, 0% used [0x00000000c6c00000,0x00000000c6c00000,0x00000000c9300000)
 Metaspace       used 7156K, capacity 7210K, committed 7552K, reserved 1056768K
  class space    used 774K, capacity 782K, committed 896K, reserved 1048576K
Event: 2,519 GC heap after
Heap after GC invocations=1 (full 0):
 PSYoungGen      total 17408K, used 1899K [0x00000000ecf00000, 0x00000000ee200000, 0x0000000100000000)
  eden space 15360K, 0% used [0x00000000ecf00000,0x00000000ecf00000,0x00000000ede00000)
  from space 2048K, 92% used [0x00000000ede00000,0x00000000edfdaee8,0x00000000ee000000)
  to   space 2048K, 0% used [0x00000000ee000000,0x00000000ee000000,0x00000000ee200000)
 ParOldGen       total 39936K, used 72K [0x00000000c6c00000, 0x00000000c9300000, 0x00000000ecf00000)
  object space 39936K, 0% used [0x00000000c6c00000,0x00000000c6c12010,0x00000000c9300000)
 Metaspace       used 7156K, capacity 7210K, committed 7552K, reserved 1056768K
  class space    used 774K, capacity 782K, committed 896K, reserved 1048576K
}
Event: 2,519 GC heap before
{Heap before GC invocations=2 (full 1):
 PSYoungGen      total 17408K, used 1899K [0x00000000ecf00000, 0x00000000ee200000, 0x0000000100000000)
  eden space 15360K, 0% used [0x00000000ecf00000,0x00000000ecf00000,0x00000000ede00000)
  from space 2048K, 92% used [0x00000000ede00000,0x00000000edfdaee8,0x00000000ee000000)
  to   space 2048K, 0% used [0x00000000ee000000,0x00000000ee000000,0x00000000ee200000)
 ParOldGen       total 39936K, used 72K [0x00000000c6c00000, 0x00000000c9300000, 0x00000000ecf00000)
  object space 39936K, 0% used [0x00000000c6c00000,0x00000000c6c12010,0x00000000c9300000)
 Metaspace       used 7156K, capacity 7210K, committed 7552K, reserved 1056768K
  class space    used 774K, capacity 782K, committed 896K, reserved 1048576K
Event: 2,533 GC heap after
Heap after GC invocations=2 (full 1):
 PSYoungGen      total 17408K, used 0K [0x00000000ecf00000, 0x00000000ee200000, 0x0000000100000000)
  eden space 15360K, 0% used [0x00000000ecf00000,0x00000000ecf00000,0x00000000ede00000)
  from space 2048K, 0% used [0x00000000ede00000,0x00000000ede00000,0x00000000ee000000)
  to   space 2048K, 0% used [0x00000000ee000000,0x00000000ee000000,0x00000000ee200000)
 ParOldGen       total 39936K, used 1837K [0x00000000c6c00000, 0x00000000c9300000, 0x00000000ecf00000)
  object space 39936K, 4% used [0x00000000c6c00000,0x00000000c6dcb620,0x00000000c9300000)
 Metaspace       used 7156K, capacity 7210K, committed 7552K, reserved 1056768K
  class space    used 774K, capacity 782K, committed 896K, reserved 1048576K
}
Event: 2,547 GC heap before
{Heap before GC invocations=3 (full 1):
 PSYoungGen      total 17408K, used 956K [0x00000000ecf00000, 0x00000000ee200000, 0x0000000100000000)
  eden space 15360K, 6% used [0x00000000ecf00000,0x00000000ecfef268,0x00000000ede00000)
  from space 2048K, 0% used [0x00000000ede00000,0x00000000ede00000,0x00000000ee000000)
  to   space 2048K, 0% used [0x00000000ee000000,0x00000000ee000000,0x00000000ee200000)
 ParOldGen       total 39936K, used 1837K [0x00000000c6c00000, 0x00000000c9300000, 0x00000000ecf00000)
  object space 39936K, 4% used [0x00000000c6c00000,0x00000000c6dcb620,0x00000000c9300000)
 Metaspace       used 7306K, capacity 7370K, committed 7552K, reserved 1056768K
  class space    used 786K, capacity 814K, committed 896K, reserved 1048576K
Event: 2,549 GC heap after
Heap after GC invocations=3 (full 1):
 PSYoungGen      total 17408K, used 182K [0x00000000ecf00000, 0x00000000ee200000, 0x0000000100000000)
  eden space 15360K, 0% used [0x00000000ecf00000,0x00000000ecf00000,0x00000000ede00000)
  from space 2048K, 8% used [0x00000000ee000000,0x00000000ee02d810,0x00000000ee200000)
  to   space 2048K, 0% used [0x00000000ede00000,0x00000000ede00000,0x00000000ee000000)
 ParOldGen       total 39936K, used 1837K [0x00000000c6c00000, 0x00000000c9300000, 0x00000000ecf00000)
  object space 39936K, 4% used [0x00000000c6c00000,0x00000000c6dcb620,0x00000000c9300000)
 Metaspace       used 7306K, capacity 7370K, committed 7552K, reserved 1056768K
  class space    used 786K, capacity 814K, committed 896K, reserved 1048576K
}
Event: 2,549 GC heap before
{Heap before GC invocations=4 (full 2):
 PSYoungGen      total 17408K, used 182K [0x00000000ecf00000, 0x00000000ee200000, 0x0000000100000000)
  eden space 15360K, 0% used [0x00000000ecf00000,0x00000000ecf00000,0x00000000ede00000)
  from space 2048K, 8% used [0x00000000ee000000,0x00000000ee02d810,0x00000000ee200000)
  to   space 2048K, 0% used [0x00000000ede00000,0x00000000ede00000,0x00000000ee000000)
 ParOldGen       total 39936K, used 1837K [0x00000000c6c00000, 0x00000000c9300000, 0x00000000ecf00000)
  object space 39936K, 4% used [0x00000000c6c00000,0x00000000c6dcb620,0x00000000c9300000)
 Metaspace       used 7306K, capacity 7370K, committed 7552K, reserved 1056768K
  class space    used 786K, capacity 814K, committed 896K, reserved 1048576K
Event: 2,560 GC heap after
Heap after GC invocations=4 (full 2):
 PSYoungGen      total 17408K, used 0K [0x00000000ecf00000, 0x00000000ee200000, 0x0000000100000000)
  eden space 15360K, 0% used [0x00000000ecf00000,0x00000000ecf00000,0x00000000ede00000)
  from space 2048K, 0% used [0x00000000ee000000,0x00000000ee000000,0x00000000ee200000)
  to   space 2048K, 0% used [0x00000000ede00000,0x00000000ede00000,0x00000000ee000000)
 ParOldGen       total 39936K, used 1068K [0x00000000c6c00000, 0x00000000c9300000, 0x00000000ecf00000)
  object space 39936K, 2% used [0x00000000c6c00000,0x00000000c6d0b070,0x00000000c9300000)
 Metaspace       used 7306K, capacity 7370K, committed 7552K, reserved 1056768K
  class space    used 786K, capacity 814K, committed 896K, reserved 1048576K
}

