# JRE version: Java(TM) SE Runtime Environment (8.0_91-b14) (build 1.8.0_91-b14)
# Java VM: Java HotSpot(TM) 64-Bit Server VM (25.91-b14 mixed mode linux-amd64 compressed oops)
Heap:
 PSYoungGen      total 17408K, used 102K [0x00000000ecf00000, 0x00000000ee200000, 0x0000000100000000)
  eden space 15360K, 0% used [0x00000000ecf00000,0x00000000ecf19b40,0x00000000ede00000)
  from space 2048K, 0% used [0x00000000ede00000,0x00000000ede00000,0x00000000ee000000)
  to   space 2048K, 0% used [0x00000000ee000000,0x00000000ee000000,0x00000000ee200000)
 ParOldGen       total 39936K, used 1456K [0x00000000c6c00000, 0x00000000c9300000, 0x00000000ecf00000)
  object space 39936K, 3% used [0x00000000c6c00000,0x00000000c6d6c230,0x00000000c9300000)
 Metaspace       used 9523K, capacity 9680K, committed 9728K, reserved 1058816K
  class space    used 966K, capacity 1007K, committed 1024K, reserved 1048576K
GC Heap History (10 events):
Event: 0,899 GC heap before
{Heap before GC invocations=1 (full 0):
 PSYoungGen      total 17408K, used 15360K [0x00000000ecf00000, 0x00000000ee200000, 0x0000000100000000)
  eden space 15360K, 100% used [0x00000000ecf00000,0x00000000ede00000,0x00000000ede00000)
  from space 2048K, 0% used [0x00000000ee000000,0x00000000ee000000,0x00000000ee200000)
  to   space 2048K, 0% used [0x00000000ede00000,0x00000000ede00000,0x00000000ee000000)
 ParOldGen       total 39936K, used 0K [0x00000000c6c00000, 0x00000000c9300000, 0x00000000ecf00000)
  object space 39936K, 0% used [0x00000000c6c00000,0x00000000c6c00000,0x00000000c9300000)
 Metaspace       used 9271K, capacity 9392K, committed 9472K, reserved 1058816K
  class space    used 944K, capacity 975K, committed 1024K, reserved 1048576K
Event: 0,905 GC heap after
Heap after GC invocations=1 (full 0):
 PSYoungGen      total 17408K, used 2018K [0x00000000ecf00000, 0x00000000ee200000, 0x0000000100000000)
  eden space 15360K, 0% used [0x00000000ecf00000,0x00000000ecf00000,0x00000000ede00000)
  from space 2048K, 98% used [0x00000000ede00000,0x00000000edff88e8,0x00000000ee000000)
  to   space 2048K, 0% used [0x00000000ee000000,0x00000000ee000000,0x00000000ee200000)
 ParOldGen       total 39936K, used 1451K [0x00000000c6c00000, 0x00000000c9300000, 0x00000000ecf00000)
  object space 39936K, 3% used [0x00000000c6c00000,0x00000000c6d6ad28,0x00000000c9300000)
 Metaspace       used 9271K, capacity 9392K, committed 9472K, reserved 1058816K
  class space    used 944K, capacity 975K, committed 1024K, reserved 1048576K
}
Event: 28,845 GC heap before
{Heap before GC invocations=2 (full 0):
 PSYoungGen      total 17408K, used 3078K [0x00000000ecf00000, 0x00000000ee200000, 0x0000000100000000)
  eden space 15360K, 6% used [0x00000000ecf00000,0x00000000ed0092b0,0x00000000ede00000)
  from space 2048K, 98% used [0x00000000ede00000,0x00000000edff88e8,0x00000000ee000000)
  to   space 2048K, 0% used [0x00000000ee000000,0x00000000ee000000,0x00000000ee200000)
 ParOldGen       total 39936K, used 1451K [0x00000000c6c00000, 0x00000000c9300000, 0x00000000ecf00000)
  object space 39936K, 3% used [0x00000000c6c00000,0x00000000c6d6ad28,0x00000000c9300000)
 Metaspace       used 9305K, capacity 9392K, committed 9472K, reserved 1058816K
  class space    used 946K, capacity 975K, committed 1024K, reserved 1048576K
Event: 28,852 GC heap after
Heap after GC invocations=2 (full 0):
 PSYoungGen      total 17408K, used 1472K [0x00000000ecf00000, 0x00000000ee200000, 0x0000000100000000)
  eden space 15360K, 0% used [0x00000000ecf00000,0x00000000ecf00000,0x00000000ede00000)
  from space 2048K, 71% used [0x00000000ee000000,0x00000000ee170020,0x00000000ee200000)
  to   space 2048K, 0% used [0x00000000ede00000,0x00000000ede00000,0x00000000ee000000)
 ParOldGen       total 39936K, used 1459K [0x00000000c6c00000, 0x00000000c9300000, 0x00000000ecf00000)
  object space 39936K, 3% used [0x00000000c6c00000,0x00000000c6d6cd28,0x00000000c9300000)
 Metaspace       used 9305K, capacity 9392K, committed 9472K, reserved 1058816K
  class space    used 946K, capacity 975K, committed 1024K, reserved 1048576K
}
Event: 28,852 GC heap before
{Heap before GC invocations=3 (full 1):
 PSYoungGen      total 17408K, used 1472K [0x00000000ecf00000, 0x00000000ee200000, 0x0000000100000000)
  eden space 15360K, 0% used [0x00000000ecf00000,0x00000000ecf00000,0x00000000ede00000)
  from space 2048K, 71% used [0x00000000ee000000,0x00000000ee170020,0x00000000ee200000)
  to   space 2048K, 0% used [0x00000000ede00000,0x00000000ede00000,0x00000000ee000000)
 ParOldGen       total 39936K, used 1459K [0x00000000c6c00000, 0x00000000c9300000, 0x00000000ecf00000)
  object space 39936K, 3% used [0x00000000c6c00000,0x00000000c6d6cd28,0x00000000c9300000)
 Metaspace       used 9305K, capacity 9392K, committed 9472K, reserved 1058816K
  class space    used 946K, capacity 975K, committed 1024K, reserved 1048576K
Event: 28,873 GC heap after
Heap after GC invocations=3 (full 1):
 PSYoungGen      total 17408K, used 0K [0x00000000ecf00000, 0x00000000ee200000, 0x0000000100000000)
  eden space 15360K, 0% used [0x00000000ecf00000,0x00000000ecf00000,0x00000000ede00000)
  from space 2048K, 0% used [0x00000000ee000000,0x00000000ee000000,0x00000000ee200000)
  to   space 2048K, 0% used [0x00000000ede00000,0x00000000ede00000,0x00000000ee000000)
 ParOldGen       total 39936K, used 1418K [0x00000000c6c00000, 0x00000000c9300000, 0x00000000ecf00000)
  object space 39936K, 3% used [0x00000000c6c00000,0x00000000c6d62a90,0x00000000c9300000)
 Metaspace       used 9305K, capacity 9392K, committed 9472K, reserved 1058816K
  class space    used 946K, capacity 975K, committed 1024K, reserved 1048576K
}
Event: 28,886 GC heap before
{Heap before GC invocations=4 (full 1):
 PSYoungGen      total 17408K, used 1127K [0x00000000ecf00000, 0x00000000ee200000, 0x0000000100000000)
  eden space 15360K, 7% used [0x00000000ecf00000,0x00000000ed019dc8,0x00000000ede00000)
  from space 2048K, 0% used [0x00000000ee000000,0x00000000ee000000,0x00000000ee200000)
  to   space 2048K, 0% used [0x00000000ede00000,0x00000000ede00000,0x00000000ee000000)
 ParOldGen       total 39936K, used 1418K [0x00000000c6c00000, 0x00000000c9300000, 0x00000000ecf00000)
  object space 39936K, 3% used [0x00000000c6c00000,0x00000000c6d62a90,0x00000000c9300000)
 Metaspace       used 9461K, capacity 9616K, committed 9728K, reserved 1058816K
  class space    used 958K, capacity 1007K, committed 1024K, reserved 1048576K
Event: 28,887 GC heap after
Heap after GC invocations=4 (full 1):
 PSYoungGen      total 17408K, used 160K [0x00000000ecf00000, 0x00000000ee200000, 0x0000000100000000)
  eden space 15360K, 0% used [0x00000000ecf00000,0x00000000ecf00000,0x00000000ede00000)
  from space 2048K, 7% used [0x00000000ede00000,0x00000000ede28000,0x00000000ee000000)
  to   space 2048K, 0% used [0x00000000ee000000,0x00000000ee000000,0x00000000ee200000)
 ParOldGen       total 39936K, used 1426K [0x00000000c6c00000, 0x00000000c9300000, 0x00000000ecf00000)
  object space 39936K, 3% used [0x00000000c6c00000,0x00000000c6d64a90,0x00000000c9300000)
 Metaspace       used 9461K, capacity 9616K, committed 9728K, reserved 1058816K
  class space    used 958K, capacity 1007K, committed 1024K, reserved 1048576K
}
Event: 28,887 GC heap before
{Heap before GC invocations=5 (full 2):
 PSYoungGen      total 17408K, used 160K [0x00000000ecf00000, 0x00000000ee200000, 0x0000000100000000)
  eden space 15360K, 0% used [0x00000000ecf00000,0x00000000ecf00000,0x00000000ede00000)
  from space 2048K, 7% used [0x00000000ede00000,0x00000000ede28000,0x00000000ee000000)
  to   space 2048K, 0% used [0x00000000ee000000,0x00000000ee000000,0x00000000ee200000)
 ParOldGen       total 39936K, used 1426K [0x00000000c6c00000, 0x00000000c9300000, 0x00000000ecf00000)
  object space 39936K, 3% used [0x00000000c6c00000,0x00000000c6d64a90,0x00000000c9300000)
 Metaspace       used 9461K, capacity 9616K, committed 9728K, reserved 1058816K
  class space    used 958K, capacity 1007K, committed 1024K, reserved 1048576K
Event: 28,903 GC heap after
Heap after GC invocations=5 (full 2):
 PSYoungGen      total 17408K, used 0K [0x00000000ecf00000, 0x00000000ee200000, 0x0000000100000000)
  eden space 15360K, 0% used [0x00000000ecf00000,0x00000000ecf00000,0x00000000ede00000)
  from space 2048K, 0% used [0x00000000ede00000,0x00000000ede00000,0x00000000ee000000)
  to   space 2048K, 0% used [0x00000000ee000000,0x00000000ee000000,0x00000000ee200000)
 ParOldGen       total 39936K, used 1456K [0x00000000c6c00000, 0x00000000c9300000, 0x00000000ecf00000)
  object space 39936K, 3% used [0x00000000c6c00000,0x00000000c6d6c230,0x00000000c9300000)
 Metaspace       used 9461K, capacity 9616K, committed 9728K, reserved 1058816K
  class space    used 958K, capacity 1007K, committed 1024K, reserved 1048576K
}

