# JRE version: Java(TM) SE Runtime Environment (8.0_91-b14) (build 1.8.0_91-b14)
# Java VM: Java HotSpot(TM) 64-Bit Server VM (25.91-b14 mixed mode linux-amd64 compressed oops)
Heap:
 PSYoungGen      total 17408K, used 717K [0x00000000ecf00000, 0x00000000ee200000, 0x0000000100000000)
  eden space 15360K, 4% used [0x00000000ecf00000,0x00000000ecfb3510,0x00000000ede00000)
  from space 2048K, 0% used [0x00000000ee000000,0x00000000ee000000,0x00000000ee200000)
  to   space 2048K, 0% used [0x00000000ede00000,0x00000000ede00000,0x00000000ee000000)
 ParOldGen       total 39936K, used 1067K [0x00000000c6c00000, 0x00000000c9300000, 0x00000000ecf00000)
  object space 39936K, 2% used [0x00000000c6c00000,0x00000000c6d0af90,0x00000000c9300000)
 Metaspace       used 7331K, capacity 7466K, committed 7552K, reserved 1056768K
  class space    used 787K, capacity 846K, committed 896K, reserved 1048576K
GC Heap History (8 events):
Event: 6,321 GC heap before
{Heap before GC invocations=1 (full 0):
 PSYoungGen      total 17408K, used 7813K [0x00000000ecf00000, 0x00000000ee200000, 0x0000000100000000)
  eden space 15360K, 50% used [0x00000000ecf00000,0x00000000ed6a1730,0x00000000ede00000)
  from space 2048K, 0% used [0x00000000ee000000,0x00000000ee000000,0x00000000ee200000)
  to   space 2048K, 0% used [0x00000000ede00000,0x00000000ede00000,0x00000000ee000000)
 ParOldGen       total 39936K, used 0K [0x00000000c6c00000, 0x00000000c9300000, 0x00000000ecf00000)
  object space 39936K, 0% used [0x00000000c6c00000,0x00000000c6c00000,0x00000000c9300000)
 Metaspace       used 7169K, capacity 7210K, committed 7552K, reserved 1056768K
  class space    used 774K, capacity 782K, committed 896K, reserved 1048576K
Event: 6,333 GC heap after
Heap after GC invocations=1 (full 0):
 PSYoungGen      total 17408K, used 1973K [0x00000000ecf00000, 0x00000000ee200000, 0x0000000100000000)
  eden space 15360K, 0% used [0x00000000ecf00000,0x00000000ecf00000,0x00000000ede00000)
  from space 2048K, 96% used [0x00000000ede00000,0x00000000edfed4f0,0x00000000ee000000)
  to   space 2048K, 0% used [0x00000000ee000000,0x00000000ee000000,0x00000000ee200000)
 ParOldGen       total 39936K, used 72K [0x00000000c6c00000, 0x00000000c9300000, 0x00000000ecf00000)
  object space 39936K, 0% used [0x00000000c6c00000,0x00000000c6c12010,0x00000000c9300000)
 Metaspace       used 7169K, capacity 7210K, committed 7552K, reserved 1056768K
  class space    used 774K, capacity 782K, committed 896K, reserved 1048576K
}
Event: 6,333 GC heap before
{Heap before GC invocations=2 (full 1):
 PSYoungGen      total 17408K, used 1973K [0x00000000ecf00000, 0x00000000ee200000, 0x0000000100000000)
  eden space 15360K, 0% used [0x00000000ecf00000,0x00000000ecf00000,0x00000000ede00000)
  from space 2048K, 96% used [0x00000000ede00000,0x00000000edfed4f0,0x00000000ee000000)
  to   space 2048K, 0% used [0x00000000ee000000,0x00000000ee000000,0x00000000ee200000)
 ParOldGen       total 39936K, used 72K [0x00000000c6c00000, 0x00000000c9300000, 0x00000000ecf00000)
  object space 39936K, 0% used [0x00000000c6c00000,0x00000000c6c12010,0x00000000c9300000)
 Metaspace       used 7169K, capacity 7210K, committed 7552K, reserved 1056768K
  class space    used 774K, capacity 782K, committed 896K, reserved 1048576K
Event: 6,349 GC heap after
Heap after GC invocations=2 (full 1):
 PSYoungGen      total 17408K, used 0K [0x00000000ecf00000, 0x00000000ee200000, 0x0000000100000000)
  eden space 15360K, 0% used [0x00000000ecf00000,0x00000000ecf00000,0x00000000ede00000)
  from space 2048K, 0% used [0x00000000ede00000,0x00000000ede00000,0x00000000ee000000)
  to   space 2048K, 0% used [0x00000000ee000000,0x00000000ee000000,0x00000000ee200000)
 ParOldGen       total 39936K, used 1837K [0x00000000c6c00000, 0x00000000c9300000, 0x00000000ecf00000)
  object space 39936K, 4% used [0x00000000c6c00000,0x00000000c6dcb610,0x00000000c9300000)
 Metaspace       used 7169K, capacity 7210K, committed 7552K, reserved 1056768K
  class space    used 774K, capacity 782K, committed 896K, reserved 1048576K
}
Event: 6,366 GC heap before
{Heap before GC invocations=3 (full 1):
 PSYoungGen      total 17408K, used 751K [0x00000000ecf00000, 0x00000000ee200000, 0x0000000100000000)
  eden space 15360K, 4% used [0x00000000ecf00000,0x00000000ecfbbf50,0x00000000ede00000)
  from space 2048K, 0% used [0x00000000ede00000,0x00000000ede00000,0x00000000ee000000)
  to   space 2048K, 0% used [0x00000000ee000000,0x00000000ee000000,0x00000000ee200000)
 ParOldGen       total 39936K, used 1837K [0x00000000c6c00000, 0x00000000c9300000, 0x00000000ecf00000)
  object space 39936K, 4% used [0x00000000c6c00000,0x00000000c6dcb610,0x00000000c9300000)
 Metaspace       used 7319K, capacity 7434K, committed 7552K, reserved 1056768K
  class space    used 786K, capacity 814K, committed 896K, reserved 1048576K
Event: 6,380 GC heap after
Heap after GC invocations=3 (full 1):
 PSYoungGen      total 17408K, used 214K [0x00000000ecf00000, 0x00000000ee200000, 0x0000000100000000)
  eden space 15360K, 0% used [0x00000000ecf00000,0x00000000ecf00000,0x00000000ede00000)
  from space 2048K, 10% used [0x00000000ee000000,0x00000000ee035810,0x00000000ee200000)
  to   space 2048K, 0% used [0x00000000ede00000,0x00000000ede00000,0x00000000ee000000)
 ParOldGen       total 39936K, used 1837K [0x00000000c6c00000, 0x00000000c9300000, 0x00000000ecf00000)
  object space 39936K, 4% used [0x00000000c6c00000,0x00000000c6dcb610,0x00000000c9300000)
 Metaspace       used 7319K, capacity 7434K, committed 7552K, reserved 1056768K
  class space    used 786K, capacity 814K, committed 896K, reserved 1048576K
}
Event: 6,380 GC heap before
{Heap before GC invocations=4 (full 2):
 PSYoungGen      total 17408K, used 214K [0x00000000ecf00000, 0x00000000ee200000, 0x0000000100000000)
  eden space 15360K, 0% used [0x00000000ecf00000,0x00000000ecf00000,0x00000000ede00000)
  from space 2048K, 10% used [0x00000000ee000000,0x00000000ee035810,0x00000000ee200000)
  to   space 2048K, 0% used [0x00000000ede00000,0x00000000ede00000,0x00000000ee000000)
 ParOldGen       total 39936K, used 1837K [0x00000000c6c00000, 0x00000000c9300000, 0x00000000ecf00000)
  object space 39936K, 4% used [0x00000000c6c00000,0x00000000c6dcb610,0x00000000c9300000)
 Metaspace       used 7319K, capacity 7434K, committed 7552K, reserved 1056768K
  class space    used 786K, capacity 814K, committed 896K, reserved 1048576K
Event: 6,391 GC heap after
Heap after GC invocations=4 (full 2):
 PSYoungGen      total 17408K, used 0K [0x00000000ecf00000, 0x00000000ee200000, 0x0000000100000000)
  eden space 15360K, 0% used [0x00000000ecf00000,0x00000000ecf00000,0x00000000ede00000)
  from space 2048K, 0% used [0x00000000ee000000,0x00000000ee000000,0x00000000ee200000)
  to   space 2048K, 0% used [0x00000000ede00000,0x00000000ede00000,0x00000000ee000000)
 ParOldGen       total 39936K, used 1067K [0x00000000c6c00000, 0x00000000c9300000, 0x00000000ecf00000)
  object space 39936K, 2% used [0x00000000c6c00000,0x00000000c6d0af90,0x00000000c9300000)
 Metaspace       used 7319K, capacity 7434K, committed 7552K, reserved 1056768K
  class space    used 786K, capacity 814K, committed 896K, reserved 1048576K
}

